#
# A fatal error has been detected by the Java Runtime Environment:
#
#  EXCEPTION_ACCESS_VIOLATION (0xc0000005) at pc=0x00007ffff04d26c4, pid=28504, tid=5796
#
# JRE version: OpenJDK Runtime Environment (24.0.1+9) (build 24.0.1+9-30)
# Java VM: OpenJDK 64-Bit Server VM (24.0.1+9-30, mixed mode, sharing, tiered, compressed oops, compressed class ptrs, g1 gc, windows-amd64)
# Problematic frame:
# C  [libasyncProfiler.dll+0x926c4]
#
# No core dump will be written. Minidumps are not enabled by default on client versions of Windows
#
# JFR recording file will be written. Location: C:\Users\ToroM\codecool\AdvanceSpring\tw\bar-assistant\backend\hs_err_pid28504.jfr
#
# If you would like to submit a bug report, please visit:
#   https://bugreport.java.com/bugreport/crash.jsp
# The crash happened outside the Java Virtual Machine in native code.
# See problematic frame for where to report the bug.
#

---------------  S U M M A R Y ------------

Command Line: -javaagent:C:\Users\ToroM\AppData\Local\JetBrains\IntelliJIdea2025.1\captureAgent\debugger-agent.jar=file:///C:/Users/ToroM/AppData/Local/Temp/capture2812315565444430199.props -ea -Didea.test.cyclic.buffer.size=1048576 -javaagent:C:\Program Files\JetBrains\IntelliJ IDEA 2025.1.1.1\lib\idea_rt.jar=55563 -Dkotlinx.coroutines.debug.enable.creation.stack.trace=false -Ddebugger.agent.enable.coroutines=true -Dkotlinx.coroutines.debug.enable.flows.stack.trace=true -Dkotlinx.coroutines.debug.enable.mutable.state.flows.stack.trace=true -agentpath:C:\Users\ToroM\AppData\Local\Temp\idea_libasyncProfiler_dll_temp_folder5220\libasyncProfiler.dll=start,jfr,event=wall,interval=10ms,jfrsync=profile,cstack=no,file=C:\Users\ToroM\IdeaSnapshots\ReservationServiceTest_testAddReservation_whenReservationCanBeAdded_addReservation_2025_06_26_132612.jfr,dbghelppath=C:\Users\ToroM\AppData\Local\Temp\idea_dbghelp_dll_temp_folder6\dbghelp.dll,log=C:\Users\ToroM\AppData\Local\Temp\ReservationServiceTest_testAddReservation_whenReservationCanBeAdded_addReservation_2025_06_26_132612.jfr.log.txt,logLevel=DEBUG -Dfile.encoding=UTF-8 -Dsun.stdout.encoding=UTF-8 -Dsun.stderr.encoding=UTF-8 com.intellij.rt.junit.JUnitStarter -ideVersion5 -junit5 com.codecool.backend.service.ReservationServiceTest,testAddReservation_whenReservationCanBeAdded_addReservation

Host: AMD Ryzen AI 9 HX 370 w/ Radeon 890M           , 24 cores, 15G,  Windows 11 , 64 bit Build 26100 (10.0.26100.4202)
Time: Thu Jun 26 13:26:13 2025 Közép-európai nyári iduild 26100 (10.0.26100.4202) elapsed time: 0.577501 seconds (0d 0h 0m 0s)

---------------  T H R E A D  ---------------

Current thread (0x000002257f15db70):  JavaThread "main"             [_thread_in_native, id=5796, stack(0x000000ba94e00000,0x000000ba94f00000) (1024K)]

Stack: [0x000000ba94e00000,0x000000ba94f00000],  sp=0x000000ba94efe660,  free space=1017k
Native frames: (J=compiled Java code, j=interpreted, Vv=VM code, C=native code)
C  [libasyncProfiler.dll+0x926c4]  (no source info available)
C  [libasyncProfiler.dll+0x92b9b]  (no source info available)
C  [libasyncProfiler.dll+0x917f4]  (no source info available)
C  [libasyncProfiler.dll+0x9206a]  (no source info available)
C  [libasyncProfiler.dll+0x8cc21]  (no source info available)
C  [libasyncProfiler.dll+0x7e5e1]  (no source info available)
C  [libasyncProfiler.dll+0x7d2f8]  (no source info available)
C  [libasyncProfiler.dll+0x7d1e0]  (no source info available)
C  [libasyncProfiler.dll+0x832fc]  (no source info available)
V  [jvm.dll+0x5e38de]  (no source info available)
V  [jvm.dll+0x886056]  (no source info available)
V  [jvm.dll+0x495f3e]  (no source info available)
V  [jvm.dll+0x497d11]  (no source info available)
C  [jli.dll+0x52a1]  (no source info available)
C  [ucrtbase.dll+0x37b0]  (no source info available)
C  [KERNEL32.DLL+0x2e8d7]  (no source info available)
C  [ntdll.dll+0x3c34c]  (no source info available)


siginfo: EXCEPTION_ACCESS_VIOLATION (0xc0000005), reading address 0xffffffffffffffff


Registers:
RAX=0x0000000000000010, RBX=0x0000000000000000, RCX=0xffffffffffffffff, RDX=0x007fffd76e300010
RSP=0x000000ba94efe660, RBP=0x0000022566363c28, RSI=0x000000ba94efe7d0, RDI=0x0000022566363c28
R8 =0x0000000000000042, R9 =0x000000071d001ed8, R10=0x00007fffd7959fb0, R11=0x0000000000000004
R12=0x000000ba94efe7d0, R13=0x000002257cbd3440, R14=0x000002257f15df38, R15=0x000002257f15df38
RIP=0x00007ffff04d26c4, EFLAGS=0x0000000000010202

XMM[0]=0x0000000000000000 0x0000000000000000
XMM[1]=0x0000000000000000 0x0000000000000000
XMM[2]=0x0000000000000000 0x0000000000000000
XMM[3]=0x0000000000000000 0x0000000000000000
XMM[4]=0x0000000000000000 0x0000000000000000
XMM[5]=0x0000000000000000 0x0000000000000000
XMM[6]=0x0000000000000000 0x0000000000000000
XMM[7]=0x0000000000000000 0x0000000000000000
XMM[8]=0x0000000000000000 0x0000000000000000
XMM[9]=0x0000000000000000 0x0000000000000000
XMM[10]=0x0000000000000000 0x0000000000000000
XMM[11]=0x0000000000000000 0x0000000000000000
XMM[12]=0x0000000000000000 0x0000000000000000
XMM[13]=0x0000000000000000 0x0000000000000000
XMM[14]=0x0000000000000000 0x0000000000000000
XMM[15]=0x0000000000000000 0x0000000000000000
  MXCSR=0x00001fa0


Register to memory mapping:

RAX=0x0000000000000010 is an unknown value
RBX=0x0 is null
RCX=0xffffffffffffffff is an unknown value
RDX=0x007fffd76e300010 is an unknown value
RSP=0x000000ba94efe660 is pointing into the stack for thread: 0x000002257f15db70
RBP=0x0000022566363c28 points into unknown readable memory: 0x000000071d001ed8 | d8 1e 00 1d 07 00 00 00
RSI=0x000000ba94efe7d0 is pointing into the stack for thread: 0x000002257f15db70
RDI=0x0000022566363c28 points into unknown readable memory: 0x000000071d001ed8 | d8 1e 00 1d 07 00 00 00
R8 =0x0000000000000042 is an unknown value
R9 =0x000000071d001ed8 is an oop: java.lang.Thread 
{0x000000071d001ed8} - klass: 'java/lang/Thread' - flags: 

 - ---- fields (total size 14 words):
 - 'threadLocalRandomProbe' 'I' @12  0 (0x00000000)
 - private volatile 'eetop' 'J' @16  2360069184368 (0x000002257f15db70)
 - private final 'tid' 'J' @24  3 (0x0000000000000003)
 - 'threadLocalRandomSeed' 'J' @32  0 (0x0000000000000000)
 - injected 'jvmti_thread_state' 'J' @40  2358481244896 (0x00000225206fd2e0)
 - 'threadLocalRandomSecondarySeed' 'I' @48  0 (0x00000000)
 - injected 'jvmti_VTMS_transition_disable_count' 'I' @52  0 (0x00000000)
 - injected 'jfr_epoch' 'S' @56  0 (0x0000)
 - volatile 'interrupted' 'Z' @58  false (0x00)
 - injected 'jvmti_is_in_VTMS_transition' 'Z' @59  false (0x00)
 - private volatile 'name' 'Ljava/lang/String;' @60  "main"{0x000000071d001f48} (0xe3a003e9)
 - private volatile 'contextClassLoader' 'Ljava/lang/ClassLoader;' @64  a 'jdk/internal/loader/ClassLoaders$AppClassLoader'{0x000000071d0459c0} (0xe3a08b38)
 - private final 'holder' 'Ljava/lang/Thread$FieldHolder;' @68  a 'java/lang/Thread$FieldHolder'{0x000000071d001f88} (0xe3a003f1)
 - 'threadLocals' 'Ljava/lang/ThreadLocal$ThreadLocalMap;' @72  a 'java/lang/ThreadLocal$ThreadLocalMap'{0x000000071cc2f5e8} (0xe3985ebd)
 - 'inheritableThreadLocals' 'Ljava/lang/ThreadLocal$ThreadLocalMap;' @76  null (0x00000000)
 - private 'scopedValueBindings' 'Ljava/lang/Object;' @80  a 'java/lang/Class'{0x00000007ffe7c258} = 'java/lang/Thread' (0xfffcf84b)
 - final 'interruptLock' 'Ljava/lang/Object;' @84  a 'java/lang/Object'{0x000000071d001f78} (0xe3a003ef)
 - private volatile 'parkBlocker' 'Ljava/lang/Object;' @88  null (0x00000000)
 - private 'nioBlocker' 'Lsun/nio/ch/Interruptible;' @92  null (0x00000000)
 - private 'cont' 'Ljdk/internal/vm/Continuation;' @96  null (0x00000000)
 - private volatile 'uncaughtExceptionHandler' 'Ljava/lang/Thread$UncaughtExceptionHandler;' @100  null (0x00000000)
 - private 'container' 'Ljdk/internal/vm/ThreadContainer;' @104  null (0x00000000)
 - private volatile 'headStackableScopes' 'Ljdk/internal/vm/StackableScope;' @108  null (0x00000000)
R10=0x00007fffd7959fb0 jvm.dll
R11=0x0000000000000004 is an unknown value
R12=0x000000ba94efe7d0 is pointing into the stack for thread: 0x000002257f15db70
R13=0x000002257cbd3440 points into unknown readable memory: 0x00007fffd78ca510 | 10 a5 8c d7 ff 7f 00 00
R14=0x000002257f15df38 points into unknown readable memory: 0x00007fffd78c17b0 | b0 17 8c d7 ff 7f 00 00
R15=0x000002257f15df38 points into unknown readable memory: 0x00007fffd78c17b0 | b0 17 8c d7 ff 7f 00 00

Top of Stack: (sp=0x000000ba94efe660)
0x000000ba94efe660:   000000ba94efe7d0 0000022566363c28   ........(<6f%...
0x000000ba94efe670:   0000000000000000 000002257cbd26e0   .........&.|%...
0x000000ba94efe680:   0000000000000020 00007ffff04d2b9b    ........+M.....
0x000000ba94efe690:   0000000000000000 000002257f15df38   ........8...%...
0x000000ba94efe6a0:   000000ba94efe701 0000000000000000   ................
0x000000ba94efe6b0:   0000022567e14e90 00007ffff04d17f4   .N.g%.....M.....
0x000000ba94efe6c0:   0000000000000000 0000000000000020   ........ .......
0x000000ba94efe6d0:   0000000000000000 0000000000000020   ........ .......
0x000000ba94efe6e0:   0000000a00000003 0000022567e3e7c0   ...........g%...
0x000000ba94efe6f0:   0000022567e14e90 0000022567e14f10   .N.g%....O.g%...
0x000000ba94efe700:   0000022567e14f38 000002250000341c   8O.g%....4..%...
0x000000ba94efe710:   0000000000000000 0000000000000000   ................
0x000000ba94efe720:   0000000000000000 00007fffd71257d4   .........W......
0x000000ba94efe730:   00007ffff0614ca0 0000000000006f58   .La.....Xo......
0x000000ba94efe740:   00007ffff0614ca0 00000000ffffffff   .La.............
0x000000ba94efe750:   0000000000000000 00007ffff04d206a   ........j M.....
0x000000ba94efe760:   000002257f15df38 0000000000000000   8...%...........
0x000000ba94efe770:   000000ba94efe7d9 000002257cbd3440   ........@4.|%...
0x000000ba94efe780:   00000225209e1040 000002257cb90000   @.. %......|%...
0x000000ba94efe790:   00000225209e1040 00007ff84df3fc09   @.. %......M....
0x000000ba94efe7a0:   000002257f15df38 00007ffff0614ca0   8...%....La.....
0x000000ba94efe7b0:   00007ffff05bf0d8 00007ffff05bf0c8   ..[.......[.....
0x000000ba94efe7c0:   0000000000000000 000002257f15df38   ........8...%...
0x000000ba94efe7d0:   000002256655a3e0 000002256655a7e0   ..Uf%.....Uf%...
0x000000ba94efe7e0:   000002256655a7e0 00007ffff0614ca0   ..Uf%....La.....
0x000000ba94efe7f0:   000002257f0cc318 000000ba94efe968   ....%...h.......
0x000000ba94efe800:   000000ba94efeaa0 0000000000008840   ........@.......
0x000000ba94efe810:   00007ffff0607080 00007ffff0614cf0   .p`......La.....
0x000000ba94efe820:   0000000000989680 0000000000989680   ................
0x000000ba94efe830:   000000ba94efe940 00007ffff04ccc21   @.......!.L.....
0x000000ba94efe840:   00007ffff0614ca0 00007ffff0614cf8   .La......La.....
0x000000ba94efe850:   00007fff00000000 003c79db00000001   .............y<.

Instructions: (pc=0x00007ffff04d26c4)
  0x00007ffff04d25c4:   cc cc cc cc cc cc cc cc cc cc cc cc cc cc cc cc
  0x00007ffff04d25d4:   cc cc cc cc cc cc cc cc cc cc cc cc cc cc cc cc
  0x00007ffff04d25e4:   cc cc cc cc cc cc cc cc cc cc cc cc cc cc cc cc
  0x00007ffff04d25f4:   cc cc cc cc cc cc cc cc cc cc cc cc cc cc cc cc
  0x00007ffff04d2604:   cc cc cc cc cc cc cc cc cc cc cc cc cc cc cc cc
  0x00007ffff04d2614:   cc cc cc cc cc cc cc cc cc cc cc cc cc cc cc cc
  0x00007ffff04d2624:   cc cc cc cc cc cc cc cc cc cc cc cc cc cc cc cc
  0x00007ffff04d2634:   cc cc cc cc cc cc cc cc cc cc cc cc cc cc cc cc
  0x00007ffff04d2644:   cc cc cc cc cc cc cc cc cc cc cc cc 40 57 48 83
  0x00007ffff04d2654:   ec 20 48 8b f9 48 8b 0d 10 28 14 00 48 85 c9 74
  0x00007ffff04d2664:   20 48 8b 01 48 8d 54 24 38 41 b8 06 00 01 00 4c
  0x00007ffff04d2674:   8b 48 30 41 ff d1 85 c0 75 07 48 8b 4c 24 38 eb
  0x00007ffff04d2684:   02 33 c9 4c 8b 05 ea 28 14 00 48 89 5c 24 30 4d
  0x00007ffff04d2694:   85 c0 74 4a 48 8b 01 48 8b d7 4c 8b 88 28 03 00
  0x00007ffff04d26a4:   00 41 ff d1 48 85 c0 74 35 48 63 0d f8 e6 13 00
  0x00007ffff04d26b4:   48 8b 14 01 48 85 d2 74 15 48 63 05 fc e6 13 00
=>0x00007ffff04d26c4:   8b 04 10 48 8b 5c 24 30 48 83 c4 20 5f c3 b8 ff
  0x00007ffff04d26d4:   ff ff ff 48 8b 5c 24 30 48 83 c4 20 5f c3 80 3d
  0x00007ffff04d26e4:   9b 27 14 00 00 bb ff ff ff ff 74 20 4c 8b 0d 31
  0x00007ffff04d26f4:   24 14 00 4c 8d 44 24 38 48 8b 0d 15 24 14 00 48
  0x00007ffff04d2704:   8b d7 41 ff d1 85 c0 0f 44 5c 24 38 8b c3 48 8b
  0x00007ffff04d2714:   5c 24 30 48 83 c4 20 5f c3 cc cc cc cc cc cc cc
  0x00007ffff04d2724:   cc cc cc cc cc cc cc cc cc cc cc cc cc cc cc cc
  0x00007ffff04d2734:   cc cc cc cc cc cc cc cc cc cc cc cc cc cc cc cc
  0x00007ffff04d2744:   cc cc cc cc cc cc cc cc cc cc cc cc 48 89 54 24
  0x00007ffff04d2754:   10 53 55 56 57 41 56 41 57 48 83 ec 28 48 8b f2
  0x00007ffff04d2764:   4c 8b f1 48 89 4c 24 78 45 33 ff 44 89 7c 24 68
  0x00007ffff04d2774:   c7 44 24 60 01 00 00 00 48 8d 4c 24 68 e8 ed 42
  0x00007ffff04d2784:   f7 ff 8b d8 48 8d 4c 24 60 e8 e1 42 f7 ff 8b e8
  0x00007ffff04d2794:   49 8b ce e8 00 fc f6 ff 48 8b f8 90 8b c3 f0 0f
  0x00007ffff04d27a4:   b1 2f 74 04 f3 90 eb f4 4c 89 3e 4c 89 7e 08 4c
  0x00007ffff04d27b4:   89 7e 10 49 8b 6e 08 4d 8b 76 10 49 3b ee 0f 84


Stack slot to memory mapping:

stack at sp + 0 slots: 0x000000ba94efe7d0 is pointing into the stack for thread: 0x000002257f15db70
stack at sp + 1 slots: 0x0000022566363c28 points into unknown readable memory: 0x000000071d001ed8 | d8 1e 00 1d 07 00 00 00
stack at sp + 2 slots: 0x0 is null
stack at sp + 3 slots: 0x000002257cbd26e0 points into unknown readable memory: 0x6e616c2e6176616a | 6a 61 76 61 2e 6c 61 6e
stack at sp + 4 slots: 0x0000000000000020 is an unknown value
stack at sp + 5 slots: 0x00007ffff04d2b9b libasyncProfiler.dll
stack at sp + 6 slots: 0x0 is null
stack at sp + 7 slots: 0x000002257f15df38 points into unknown readable memory: 0x00007fffd78c17b0 | b0 17 8c d7 ff 7f 00 00

Lock stack of current Java thread (top to bottom):


---------------  P R O C E S S  ---------------

Threads class SMR info:
_java_thread_list=0x0000022567ed84f0, length=21, elements={
0x000002257f15db70, 0x0000022520624d40, 0x0000022520625480, 0x0000022520627630,
0x0000022520628160, 0x000002252062e380, 0x000002252064f120, 0x0000022520650e40,
0x000002252065b3a0, 0x00000225205fe610, 0x00000225207d76a0, 0x00000225207da6e0,
0x00000225207e68b0, 0x00000225207e7040, 0x000002256608c720, 0x0000022566273ae0,
0x0000022566311ab0, 0x0000022566bcaa70, 0x0000022566c6e3f0, 0x0000022566ea8230,
0x0000022567f07f40
}

Java Threads: ( => current thread )
=>0x000002257f15db70 JavaThread "main"                              [_thread_in_native, id=5796, stack(0x000000ba94e00000,0x000000ba94f00000) (1024K)]
  0x0000022520624d40 JavaThread "Reference Handler"          daemon [_thread_blocked, id=21236, stack(0x000000ba95600000,0x000000ba95700000) (1024K)]
  0x0000022520625480 JavaThread "Finalizer"                  daemon [_thread_blocked, id=1544, stack(0x000000ba95700000,0x000000ba95800000) (1024K)]
  0x0000022520627630 JavaThread "Signal Dispatcher"          daemon [_thread_blocked, id=24172, stack(0x000000ba95800000,0x000000ba95900000) (1024K)]
  0x0000022520628160 JavaThread "Attach Listener"            daemon [_thread_blocked, id=24848, stack(0x000000ba95900000,0x000000ba95a00000) (1024K)]
  0x000002252062e380 JavaThread "Service Thread"             daemon [_thread_blocked, id=23248, stack(0x000000ba95a00000,0x000000ba95b00000) (1024K)]
  0x000002252064f120 JavaThread "Monitor Deflation Thread"   daemon [_thread_blocked, id=19892, stack(0x000000ba95b00000,0x000000ba95c00000) (1024K)]
  0x0000022520650e40 JavaThread "C2 CompilerThread0"         daemon [_thread_blocked, id=27664, stack(0x000000ba95c00000,0x000000ba95d00000) (1024K)]
  0x000002252065b3a0 JavaThread "C1 CompilerThread0"         daemon [_thread_blocked, id=3052, stack(0x000000ba95d00000,0x000000ba95e00000) (1024K)]
  0x00000225205fe610 JavaThread "C1 CompilerThread1"         daemon [_thread_blocked, id=10836, stack(0x000000ba95e00000,0x000000ba95f00000) (1024K)]
  0x00000225207d76a0 JavaThread "C1 CompilerThread2"         daemon [_thread_blocked, id=22560, stack(0x000000ba95f00000,0x000000ba96000000) (1024K)]
  0x00000225207da6e0 JavaThread "C1 CompilerThread3"         daemon [_thread_blocked, id=9968, stack(0x000000ba96000000,0x000000ba96100000) (1024K)]
  0x00000225207e68b0 JavaThread "C2 CompilerThread1"         daemon [_thread_blocked, id=24964, stack(0x000000ba96100000,0x000000ba96200000) (1024K)]
  0x00000225207e7040 JavaThread "C2 CompilerThread2"         daemon [_thread_blocked, id=2172, stack(0x000000ba96200000,0x000000ba96300000) (1024K)]
  0x000002256608c720 JavaThread "Common-Cleaner"             daemon [_thread_blocked, id=21984, stack(0x000000ba96300000,0x000000ba96400000) (1024K)]
  0x0000022566273ae0 JavaThread "IntelliJ Suspend Helper"    daemon [_thread_blocked, id=15836, stack(0x000000ba96400000,0x000000ba96500000) (1024K)]
  0x0000022566311ab0 JavaThread "Monitor Ctrl-Break"         daemon [_thread_in_native, id=19444, stack(0x000000ba96500000,0x000000ba96600000) (1024K)]
  0x0000022566bcaa70 JavaThread "C2 CompilerThread3"         daemon [_thread_in_native, id=10872, stack(0x000000ba96600000,0x000000ba96700000) (1024K)]
  0x0000022566c6e3f0 JavaThread "C2 CompilerThread4"         daemon [_thread_blocked, id=6384, stack(0x000000ba96700000,0x000000ba96800000) (1024K)]
  0x0000022566ea8230 JavaThread "JFR Recorder Thread"        daemon [_thread_in_native, id=16224, stack(0x000000ba96800000,0x000000ba96900000) (1024K)]
  0x0000022567f07f40 JavaThread "JFR Periodic Tasks"         daemon [_thread_blocked, id=13340, stack(0x000000ba96900000,0x000000ba96a00000) (1024K)]
Total: 21

Other Threads:
  0x0000022520610300 VMThread "VM Thread"                           [id=22496, stack(0x000000ba95500000,0x000000ba95600000) (1024K)]
  0x000002257ededdc0 WatcherThread "VM Periodic Task Thread"        [id=7792, stack(0x000000ba95400000,0x000000ba95500000) (1024K)]
  0x000002257ecceda0 WorkerThread "GC Thread#0"                     [id=26284, stack(0x000000ba94f00000,0x000000ba95000000) (1024K)]
  0x000002257ece3b90 ConcurrentGCThread "G1 Main Marker"            [id=25700, stack(0x000000ba95000000,0x000000ba95100000) (1024K)]
  0x000002257ece84e0 WorkerThread "G1 Conc#0"                       [id=7596, stack(0x000000ba95100000,0x000000ba95200000) (1024K)]
  0x000002257ede4400 ConcurrentGCThread "G1 Refine#0"               [id=16468, stack(0x000000ba95200000,0x000000ba95300000) (1024K)]
  0x000002257ede4c30 ConcurrentGCThread "G1 Service"                [id=22740, stack(0x000000ba95300000,0x000000ba95400000) (1024K)]
Total: 7

Threads with active compile tasks:
C2 CompilerThread3  629 1496       4       jdk.jfr.internal.MetadataWriter::write (168 bytes)
Total: 1

VM state: not at safepoint (normal execution)

VM Mutex/Monitor currently owned by a thread: None

Heap address: 0x000000070e000000, size: 3872 MB, Compressed Oops mode: Zero based, Oop shift amount: 3

CDS archive(s) mapped at: [0x0000022521000000-0x0000022521d40000-0x0000022521d40000), size 13893632, SharedBaseAddress: 0x0000022521000000, ArchiveRelocationMode: 1.
Compressed class space mapped at: 0x0000022522000000-0x0000022562000000, reserved size: 1073741824
UseCompressedClassPointers 1, UseCompactObjectHeaders 0
Narrow klass pointer bits 32, Max shift 3
Narrow klass base: 0x0000022521000000, Narrow klass shift: 0
Encoding Range: [0x0000022521000000 - 0x0000022621000000), (4294967296 bytes)
Klass Range:    [0x0000022521000000 - 0x0000022562000000), (1090519040 bytes)
Klass ID Range:  [8 - 1090519033) (1090519025)

GC Precious Log:
 CardTable entry size: 512
 Card Set container configuration: InlinePtr #cards 4 size 8 Array Of Cards #cards 16 size 48 Howl #buckets 8 coarsen threshold 3686 Howl Bitmap #cards 512 size 80 coarsen threshold 460 Card regions per heap region 1 cards per card region 4096
 CPUs: 24 total, 24 available
 Memory: 15481M
 Large Page Support: Disabled
 NUMA Support: Disabled
 Compressed Oops: Enabled (Zero based)
 Heap Region Size: 2M
 Heap Min Capacity: 8M
 Heap Initial Capacity: 242M
 Heap Max Capacity: 3872M
 Pre-touch: Disabled
 Parallel Workers: 18
 Concurrent Workers: 5
 Concurrent Refinement Workers: 18
 Periodic GC: Disabled

Heap:
 garbage-first heap   total reserved 3964928K, committed 249856K, used 27760K [0x000000070e000000, 0x0000000800000000)
  region size 2048K, 15 young (30720K), 0 survivors (0K)
 Metaspace       used 6788K, committed 6976K, reserved 1114112K
  class space    used 539K, committed 640K, reserved 1048576K

Heap Regions: E=young(eden), S=young(survivor), O=old, HS=humongous(starts), HC=humongous(continues), CS=collection set, F=free, TAMS=top-at-mark-start, PB=parsable bottom
|   0|0x000000070e000000, 0x000000070e000000, 0x000000070e200000|  0%| F|  |TAMS 0x000000070e000000| PB 0x000000070e000000| Untracked |  0
|   1|0x000000070e200000, 0x000000070e200000, 0x000000070e400000|  0%| F|  |TAMS 0x000000070e200000| PB 0x000000070e200000| Untracked |  0
|   2|0x000000070e400000, 0x000000070e400000, 0x000000070e600000|  0%| F|  |TAMS 0x000000070e400000| PB 0x000000070e400000| Untracked |  0
|   3|0x000000070e600000, 0x000000070e600000, 0x000000070e800000|  0%| F|  |TAMS 0x000000070e600000| PB 0x000000070e600000| Untracked |  0
|   4|0x000000070e800000, 0x000000070e800000, 0x000000070ea00000|  0%| F|  |TAMS 0x000000070e800000| PB 0x000000070e800000| Untracked |  0
|   5|0x000000070ea00000, 0x000000070ea00000, 0x000000070ec00000|  0%| F|  |TAMS 0x000000070ea00000| PB 0x000000070ea00000| Untracked |  0
|   6|0x000000070ec00000, 0x000000070ec00000, 0x000000070ee00000|  0%| F|  |TAMS 0x000000070ec00000| PB 0x000000070ec00000| Untracked |  0
|   7|0x000000070ee00000, 0x000000070ee00000, 0x000000070f000000|  0%| F|  |TAMS 0x000000070ee00000| PB 0x000000070ee00000| Untracked |  0
|   8|0x000000070f000000, 0x000000070f000000, 0x000000070f200000|  0%| F|  |TAMS 0x000000070f000000| PB 0x000000070f000000| Untracked |  0
|   9|0x000000070f200000, 0x000000070f200000, 0x000000070f400000|  0%| F|  |TAMS 0x000000070f200000| PB 0x000000070f200000| Untracked |  0
|  10|0x000000070f400000, 0x000000070f400000, 0x000000070f600000|  0%| F|  |TAMS 0x000000070f400000| PB 0x000000070f400000| Untracked |  0
|  11|0x000000070f600000, 0x000000070f600000, 0x000000070f800000|  0%| F|  |TAMS 0x000000070f600000| PB 0x000000070f600000| Untracked |  0
|  12|0x000000070f800000, 0x000000070f800000, 0x000000070fa00000|  0%| F|  |TAMS 0x000000070f800000| PB 0x000000070f800000| Untracked |  0
|  13|0x000000070fa00000, 0x000000070fa00000, 0x000000070fc00000|  0%| F|  |TAMS 0x000000070fa00000| PB 0x000000070fa00000| Untracked |  0
|  14|0x000000070fc00000, 0x000000070fc00000, 0x000000070fe00000|  0%| F|  |TAMS 0x000000070fc00000| PB 0x000000070fc00000| Untracked |  0
|  15|0x000000070fe00000, 0x000000070fe00000, 0x0000000710000000|  0%| F|  |TAMS 0x000000070fe00000| PB 0x000000070fe00000| Untracked |  0
|  16|0x0000000710000000, 0x0000000710000000, 0x0000000710200000|  0%| F|  |TAMS 0x0000000710000000| PB 0x0000000710000000| Untracked |  0
|  17|0x0000000710200000, 0x0000000710200000, 0x0000000710400000|  0%| F|  |TAMS 0x0000000710200000| PB 0x0000000710200000| Untracked |  0
|  18|0x0000000710400000, 0x0000000710400000, 0x0000000710600000|  0%| F|  |TAMS 0x0000000710400000| PB 0x0000000710400000| Untracked |  0
|  19|0x0000000710600000, 0x0000000710600000, 0x0000000710800000|  0%| F|  |TAMS 0x0000000710600000| PB 0x0000000710600000| Untracked |  0
|  20|0x0000000710800000, 0x0000000710800000, 0x0000000710a00000|  0%| F|  |TAMS 0x0000000710800000| PB 0x0000000710800000| Untracked |  0
|  21|0x0000000710a00000, 0x0000000710a00000, 0x0000000710c00000|  0%| F|  |TAMS 0x0000000710a00000| PB 0x0000000710a00000| Untracked |  0
|  22|0x0000000710c00000, 0x0000000710c00000, 0x0000000710e00000|  0%| F|  |TAMS 0x0000000710c00000| PB 0x0000000710c00000| Untracked |  0
|  23|0x0000000710e00000, 0x0000000710e00000, 0x0000000711000000|  0%| F|  |TAMS 0x0000000710e00000| PB 0x0000000710e00000| Untracked |  0
|  24|0x0000000711000000, 0x0000000711000000, 0x0000000711200000|  0%| F|  |TAMS 0x0000000711000000| PB 0x0000000711000000| Untracked |  0
|  25|0x0000000711200000, 0x0000000711200000, 0x0000000711400000|  0%| F|  |TAMS 0x0000000711200000| PB 0x0000000711200000| Untracked |  0
|  26|0x0000000711400000, 0x0000000711400000, 0x0000000711600000|  0%| F|  |TAMS 0x0000000711400000| PB 0x0000000711400000| Untracked |  0
|  27|0x0000000711600000, 0x0000000711600000, 0x0000000711800000|  0%| F|  |TAMS 0x0000000711600000| PB 0x0000000711600000| Untracked |  0
|  28|0x0000000711800000, 0x0000000711800000, 0x0000000711a00000|  0%| F|  |TAMS 0x0000000711800000| PB 0x0000000711800000| Untracked |  0
|  29|0x0000000711a00000, 0x0000000711a00000, 0x0000000711c00000|  0%| F|  |TAMS 0x0000000711a00000| PB 0x0000000711a00000| Untracked |  0
|  30|0x0000000711c00000, 0x0000000711c00000, 0x0000000711e00000|  0%| F|  |TAMS 0x0000000711c00000| PB 0x0000000711c00000| Untracked |  0
|  31|0x0000000711e00000, 0x0000000711e00000, 0x0000000712000000|  0%| F|  |TAMS 0x0000000711e00000| PB 0x0000000711e00000| Untracked |  0
|  32|0x0000000712000000, 0x0000000712000000, 0x0000000712200000|  0%| F|  |TAMS 0x0000000712000000| PB 0x0000000712000000| Untracked |  0
|  33|0x0000000712200000, 0x0000000712200000, 0x0000000712400000|  0%| F|  |TAMS 0x0000000712200000| PB 0x0000000712200000| Untracked |  0
|  34|0x0000000712400000, 0x0000000712400000, 0x0000000712600000|  0%| F|  |TAMS 0x0000000712400000| PB 0x0000000712400000| Untracked |  0
|  35|0x0000000712600000, 0x0000000712600000, 0x0000000712800000|  0%| F|  |TAMS 0x0000000712600000| PB 0x0000000712600000| Untracked |  0
|  36|0x0000000712800000, 0x0000000712800000, 0x0000000712a00000|  0%| F|  |TAMS 0x0000000712800000| PB 0x0000000712800000| Untracked |  0
|  37|0x0000000712a00000, 0x0000000712a00000, 0x0000000712c00000|  0%| F|  |TAMS 0x0000000712a00000| PB 0x0000000712a00000| Untracked |  0
|  38|0x0000000712c00000, 0x0000000712c00000, 0x0000000712e00000|  0%| F|  |TAMS 0x0000000712c00000| PB 0x0000000712c00000| Untracked |  0
|  39|0x0000000712e00000, 0x0000000712e00000, 0x0000000713000000|  0%| F|  |TAMS 0x0000000712e00000| PB 0x0000000712e00000| Untracked |  0
|  40|0x0000000713000000, 0x0000000713000000, 0x0000000713200000|  0%| F|  |TAMS 0x0000000713000000| PB 0x0000000713000000| Untracked |  0
|  41|0x0000000713200000, 0x0000000713200000, 0x0000000713400000|  0%| F|  |TAMS 0x0000000713200000| PB 0x0000000713200000| Untracked |  0
|  42|0x0000000713400000, 0x0000000713400000, 0x0000000713600000|  0%| F|  |TAMS 0x0000000713400000| PB 0x0000000713400000| Untracked |  0
|  43|0x0000000713600000, 0x0000000713600000, 0x0000000713800000|  0%| F|  |TAMS 0x0000000713600000| PB 0x0000000713600000| Untracked |  0
|  44|0x0000000713800000, 0x0000000713800000, 0x0000000713a00000|  0%| F|  |TAMS 0x0000000713800000| PB 0x0000000713800000| Untracked |  0
|  45|0x0000000713a00000, 0x0000000713a00000, 0x0000000713c00000|  0%| F|  |TAMS 0x0000000713a00000| PB 0x0000000713a00000| Untracked |  0
|  46|0x0000000713c00000, 0x0000000713c00000, 0x0000000713e00000|  0%| F|  |TAMS 0x0000000713c00000| PB 0x0000000713c00000| Untracked |  0
|  47|0x0000000713e00000, 0x0000000713e00000, 0x0000000714000000|  0%| F|  |TAMS 0x0000000713e00000| PB 0x0000000713e00000| Untracked |  0
|  48|0x0000000714000000, 0x0000000714000000, 0x0000000714200000|  0%| F|  |TAMS 0x0000000714000000| PB 0x0000000714000000| Untracked |  0
|  49|0x0000000714200000, 0x0000000714200000, 0x0000000714400000|  0%| F|  |TAMS 0x0000000714200000| PB 0x0000000714200000| Untracked |  0
|  50|0x0000000714400000, 0x0000000714400000, 0x0000000714600000|  0%| F|  |TAMS 0x0000000714400000| PB 0x0000000714400000| Untracked |  0
|  51|0x0000000714600000, 0x0000000714600000, 0x0000000714800000|  0%| F|  |TAMS 0x0000000714600000| PB 0x0000000714600000| Untracked |  0
|  52|0x0000000714800000, 0x0000000714800000, 0x0000000714a00000|  0%| F|  |TAMS 0x0000000714800000| PB 0x0000000714800000| Untracked |  0
|  53|0x0000000714a00000, 0x0000000714a00000, 0x0000000714c00000|  0%| F|  |TAMS 0x0000000714a00000| PB 0x0000000714a00000| Untracked |  0
|  54|0x0000000714c00000, 0x0000000714c00000, 0x0000000714e00000|  0%| F|  |TAMS 0x0000000714c00000| PB 0x0000000714c00000| Untracked |  0
|  55|0x0000000714e00000, 0x0000000714e00000, 0x0000000715000000|  0%| F|  |TAMS 0x0000000714e00000| PB 0x0000000714e00000| Untracked |  0
|  56|0x0000000715000000, 0x0000000715000000, 0x0000000715200000|  0%| F|  |TAMS 0x0000000715000000| PB 0x0000000715000000| Untracked |  0
|  57|0x0000000715200000, 0x0000000715200000, 0x0000000715400000|  0%| F|  |TAMS 0x0000000715200000| PB 0x0000000715200000| Untracked |  0
|  58|0x0000000715400000, 0x0000000715400000, 0x0000000715600000|  0%| F|  |TAMS 0x0000000715400000| PB 0x0000000715400000| Untracked |  0
|  59|0x0000000715600000, 0x0000000715600000, 0x0000000715800000|  0%| F|  |TAMS 0x0000000715600000| PB 0x0000000715600000| Untracked |  0
|  60|0x0000000715800000, 0x0000000715800000, 0x0000000715a00000|  0%| F|  |TAMS 0x0000000715800000| PB 0x0000000715800000| Untracked |  0
|  61|0x0000000715a00000, 0x0000000715a00000, 0x0000000715c00000|  0%| F|  |TAMS 0x0000000715a00000| PB 0x0000000715a00000| Untracked |  0
|  62|0x0000000715c00000, 0x0000000715c00000, 0x0000000715e00000|  0%| F|  |TAMS 0x0000000715c00000| PB 0x0000000715c00000| Untracked |  0
|  63|0x0000000715e00000, 0x0000000715e00000, 0x0000000716000000|  0%| F|  |TAMS 0x0000000715e00000| PB 0x0000000715e00000| Untracked |  0
|  64|0x0000000716000000, 0x0000000716000000, 0x0000000716200000|  0%| F|  |TAMS 0x0000000716000000| PB 0x0000000716000000| Untracked |  0
|  65|0x0000000716200000, 0x0000000716200000, 0x0000000716400000|  0%| F|  |TAMS 0x0000000716200000| PB 0x0000000716200000| Untracked |  0
|  66|0x0000000716400000, 0x0000000716400000, 0x0000000716600000|  0%| F|  |TAMS 0x0000000716400000| PB 0x0000000716400000| Untracked |  0
|  67|0x0000000716600000, 0x0000000716600000, 0x0000000716800000|  0%| F|  |TAMS 0x0000000716600000| PB 0x0000000716600000| Untracked |  0
|  68|0x0000000716800000, 0x0000000716800000, 0x0000000716a00000|  0%| F|  |TAMS 0x0000000716800000| PB 0x0000000716800000| Untracked |  0
|  69|0x0000000716a00000, 0x0000000716a00000, 0x0000000716c00000|  0%| F|  |TAMS 0x0000000716a00000| PB 0x0000000716a00000| Untracked |  0
|  70|0x0000000716c00000, 0x0000000716c00000, 0x0000000716e00000|  0%| F|  |TAMS 0x0000000716c00000| PB 0x0000000716c00000| Untracked |  0
|  71|0x0000000716e00000, 0x0000000716e00000, 0x0000000717000000|  0%| F|  |TAMS 0x0000000716e00000| PB 0x0000000716e00000| Untracked |  0
|  72|0x0000000717000000, 0x0000000717000000, 0x0000000717200000|  0%| F|  |TAMS 0x0000000717000000| PB 0x0000000717000000| Untracked |  0
|  73|0x0000000717200000, 0x0000000717200000, 0x0000000717400000|  0%| F|  |TAMS 0x0000000717200000| PB 0x0000000717200000| Untracked |  0
|  74|0x0000000717400000, 0x0000000717400000, 0x0000000717600000|  0%| F|  |TAMS 0x0000000717400000| PB 0x0000000717400000| Untracked |  0
|  75|0x0000000717600000, 0x0000000717600000, 0x0000000717800000|  0%| F|  |TAMS 0x0000000717600000| PB 0x0000000717600000| Untracked |  0
|  76|0x0000000717800000, 0x0000000717800000, 0x0000000717a00000|  0%| F|  |TAMS 0x0000000717800000| PB 0x0000000717800000| Untracked |  0
|  77|0x0000000717a00000, 0x0000000717a00000, 0x0000000717c00000|  0%| F|  |TAMS 0x0000000717a00000| PB 0x0000000717a00000| Untracked |  0
|  78|0x0000000717c00000, 0x0000000717c00000, 0x0000000717e00000|  0%| F|  |TAMS 0x0000000717c00000| PB 0x0000000717c00000| Untracked |  0
|  79|0x0000000717e00000, 0x0000000717e00000, 0x0000000718000000|  0%| F|  |TAMS 0x0000000717e00000| PB 0x0000000717e00000| Untracked |  0
|  80|0x0000000718000000, 0x0000000718000000, 0x0000000718200000|  0%| F|  |TAMS 0x0000000718000000| PB 0x0000000718000000| Untracked |  0
|  81|0x0000000718200000, 0x0000000718200000, 0x0000000718400000|  0%| F|  |TAMS 0x0000000718200000| PB 0x0000000718200000| Untracked |  0
|  82|0x0000000718400000, 0x0000000718400000, 0x0000000718600000|  0%| F|  |TAMS 0x0000000718400000| PB 0x0000000718400000| Untracked |  0
|  83|0x0000000718600000, 0x0000000718600000, 0x0000000718800000|  0%| F|  |TAMS 0x0000000718600000| PB 0x0000000718600000| Untracked |  0
|  84|0x0000000718800000, 0x0000000718800000, 0x0000000718a00000|  0%| F|  |TAMS 0x0000000718800000| PB 0x0000000718800000| Untracked |  0
|  85|0x0000000718a00000, 0x0000000718a00000, 0x0000000718c00000|  0%| F|  |TAMS 0x0000000718a00000| PB 0x0000000718a00000| Untracked |  0
|  86|0x0000000718c00000, 0x0000000718c00000, 0x0000000718e00000|  0%| F|  |TAMS 0x0000000718c00000| PB 0x0000000718c00000| Untracked |  0
|  87|0x0000000718e00000, 0x0000000718e00000, 0x0000000719000000|  0%| F|  |TAMS 0x0000000718e00000| PB 0x0000000718e00000| Untracked |  0
|  88|0x0000000719000000, 0x0000000719000000, 0x0000000719200000|  0%| F|  |TAMS 0x0000000719000000| PB 0x0000000719000000| Untracked |  0
|  89|0x0000000719200000, 0x0000000719200000, 0x0000000719400000|  0%| F|  |TAMS 0x0000000719200000| PB 0x0000000719200000| Untracked |  0
|  90|0x0000000719400000, 0x0000000719400000, 0x0000000719600000|  0%| F|  |TAMS 0x0000000719400000| PB 0x0000000719400000| Untracked |  0
|  91|0x0000000719600000, 0x0000000719600000, 0x0000000719800000|  0%| F|  |TAMS 0x0000000719600000| PB 0x0000000719600000| Untracked |  0
|  92|0x0000000719800000, 0x0000000719800000, 0x0000000719a00000|  0%| F|  |TAMS 0x0000000719800000| PB 0x0000000719800000| Untracked |  0
|  93|0x0000000719a00000, 0x0000000719a00000, 0x0000000719c00000|  0%| F|  |TAMS 0x0000000719a00000| PB 0x0000000719a00000| Untracked |  0
|  94|0x0000000719c00000, 0x0000000719c00000, 0x0000000719e00000|  0%| F|  |TAMS 0x0000000719c00000| PB 0x0000000719c00000| Untracked |  0
|  95|0x0000000719e00000, 0x0000000719e00000, 0x000000071a000000|  0%| F|  |TAMS 0x0000000719e00000| PB 0x0000000719e00000| Untracked |  0
|  96|0x000000071a000000, 0x000000071a000000, 0x000000071a200000|  0%| F|  |TAMS 0x000000071a000000| PB 0x000000071a000000| Untracked |  0
|  97|0x000000071a200000, 0x000000071a200000, 0x000000071a400000|  0%| F|  |TAMS 0x000000071a200000| PB 0x000000071a200000| Untracked |  0
|  98|0x000000071a400000, 0x000000071a400000, 0x000000071a600000|  0%| F|  |TAMS 0x000000071a400000| PB 0x000000071a400000| Untracked |  0
|  99|0x000000071a600000, 0x000000071a600000, 0x000000071a800000|  0%| F|  |TAMS 0x000000071a600000| PB 0x000000071a600000| Untracked |  0
| 100|0x000000071a800000, 0x000000071a800000, 0x000000071aa00000|  0%| F|  |TAMS 0x000000071a800000| PB 0x000000071a800000| Untracked |  0
| 101|0x000000071aa00000, 0x000000071aa00000, 0x000000071ac00000|  0%| F|  |TAMS 0x000000071aa00000| PB 0x000000071aa00000| Untracked |  0
| 102|0x000000071ac00000, 0x000000071ac00000, 0x000000071ae00000|  0%| F|  |TAMS 0x000000071ac00000| PB 0x000000071ac00000| Untracked |  0
| 103|0x000000071ae00000, 0x000000071ae00000, 0x000000071b000000|  0%| F|  |TAMS 0x000000071ae00000| PB 0x000000071ae00000| Untracked |  0
| 104|0x000000071b000000, 0x000000071b000000, 0x000000071b200000|  0%| F|  |TAMS 0x000000071b000000| PB 0x000000071b000000| Untracked |  0
| 105|0x000000071b200000, 0x000000071b200000, 0x000000071b400000|  0%| F|  |TAMS 0x000000071b200000| PB 0x000000071b200000| Untracked |  0
| 106|0x000000071b400000, 0x000000071b5ff118, 0x000000071b600000| 99%| E|  |TAMS 0x000000071b400000| PB 0x000000071b400000| Complete |  0
| 107|0x000000071b600000, 0x000000071b800000, 0x000000071b800000|100%| E|CS|TAMS 0x000000071b600000| PB 0x000000071b600000| Complete |  0
| 108|0x000000071b800000, 0x000000071ba00000, 0x000000071ba00000|100%| E|CS|TAMS 0x000000071b800000| PB 0x000000071b800000| Complete |  0
| 109|0x000000071ba00000, 0x000000071bc00000, 0x000000071bc00000|100%| E|CS|TAMS 0x000000071ba00000| PB 0x000000071ba00000| Complete |  0
| 110|0x000000071bc00000, 0x000000071be00000, 0x000000071be00000|100%| E|CS|TAMS 0x000000071bc00000| PB 0x000000071bc00000| Complete |  0
| 111|0x000000071be00000, 0x000000071c000000, 0x000000071c000000|100%| E|CS|TAMS 0x000000071be00000| PB 0x000000071be00000| Complete |  0
| 112|0x000000071c000000, 0x000000071c200000, 0x000000071c200000|100%| E|CS|TAMS 0x000000071c000000| PB 0x000000071c000000| Complete |  0
| 113|0x000000071c200000, 0x000000071c400000, 0x000000071c400000|100%| E|  |TAMS 0x000000071c200000| PB 0x000000071c200000| Complete |  0
| 114|0x000000071c400000, 0x000000071c600000, 0x000000071c600000|100%| E|CS|TAMS 0x000000071c400000| PB 0x000000071c400000| Complete |  0
| 115|0x000000071c600000, 0x000000071c800000, 0x000000071c800000|100%| E|CS|TAMS 0x000000071c600000| PB 0x000000071c600000| Complete |  0
| 116|0x000000071c800000, 0x000000071ca00000, 0x000000071ca00000|100%| E|CS|TAMS 0x000000071c800000| PB 0x000000071c800000| Complete |  0
| 117|0x000000071ca00000, 0x000000071cc00000, 0x000000071cc00000|100%| E|CS|TAMS 0x000000071ca00000| PB 0x000000071ca00000| Complete |  0
| 118|0x000000071cc00000, 0x000000071ce00000, 0x000000071ce00000|100%| E|CS|TAMS 0x000000071cc00000| PB 0x000000071cc00000| Complete |  0
| 119|0x000000071ce00000, 0x000000071d000000, 0x000000071d000000|100%| E|CS|TAMS 0x000000071ce00000| PB 0x000000071ce00000| Complete |  0
| 120|0x000000071d000000, 0x000000071d200000, 0x000000071d200000|100%| E|CS|TAMS 0x000000071d000000| PB 0x000000071d000000| Complete |  0
|1935|0x00000007ffe00000, 0x00000007fff1c288, 0x0000000800000000| 55%| O|  |TAMS 0x00000007ffe00000| PB 0x00000007ffe00000| Untracked |  0

Card table byte_map: [0x0000022518c40000,0x00000225193d0000] _byte_map_base: 0x00000225153d0000

Marking Bits: (CMBitMap*) 0x000002257eccf3c0
 Bits: [0x00000225193d0000, 0x000002251d050000)

Polling page: 0x000002257e840000

Metaspace:

Usage:
  Non-class:      6.10 MB used.
      Class:    539.08 KB used.
       Both:      6.63 MB used.

Virtual space:
  Non-class space:       64.00 MB reserved,       6.19 MB ( 10%) committed,  1 nodes.
      Class space:        1.00 GB reserved,     640.00 KB ( <1%) committed,  1 nodes.
             Both:        1.06 GB reserved,       6.81 MB ( <1%) committed. 

Chunk freelists:
   Non-Class:  9.00 MB
       Class:  15.24 MB
        Both:  24.24 MB

MaxMetaspaceSize: unlimited
CompressedClassSpaceSize: 1.00 GB
Initial GC threshold: 21.00 MB
Current GC threshold: 21.00 MB
CDS: on
 - commit_granule_bytes: 65536.
 - commit_granule_words: 8192.
 - virtual_space_node_default_size: 8388608.
 - enlarge_chunks_in_place: 1.
UseCompressedClassPointers 1, UseCompactObjectHeaders 0
Narrow klass pointer bits 32, Max shift 3
Narrow klass base: 0x0000022521000000, Narrow klass shift: 0
Encoding Range: [0x0000022521000000 - 0x0000022621000000), (4294967296 bytes)
Klass Range:    [0x0000022521000000 - 0x0000022562000000), (1090519040 bytes)
Klass ID Range:  [8 - 1090519033) (1090519025)


Internal statistics:

num_allocs_failed_limit: 0.
num_arena_births: 70.
num_arena_deaths: 0.
num_vsnodes_births: 2.
num_vsnodes_deaths: 0.
num_space_committed: 109.
num_space_uncommitted: 0.
num_chunks_returned_to_freelist: 0.
num_chunks_taken_from_freelist: 86.
num_chunk_merges: 0.
num_chunk_splits: 55.
num_chunks_enlarged: 34.
num_inconsistent_stats: 0.

CodeHeap 'non-profiled nmethods': size=119232Kb used=463Kb max_used=463Kb free=118769Kb
 bounds [0x0000022510370000, 0x00000225105e0000, 0x00000225177e0000]
CodeHeap 'profiled nmethods': size=119104Kb used=2189Kb max_used=2189Kb free=116914Kb
 bounds [0x00000225087e0000, 0x0000022508a50000, 0x000002250fc30000]
CodeHeap 'non-nmethods': size=7424Kb used=3096Kb max_used=3164Kb free=4328Kb
 bounds [0x000002250fc30000, 0x000002250ff60000, 0x0000022510370000]
CodeCache: size=245760Kb, used=5748Kb, max_used=5816Kb, free=240011Kb
 total_blobs=2002, nmethods=1533, adapters=372, full_count=0
Compilation: enabled, stopped_count=0, restarted_count=0

Compilation events (20 events):
Event: 0.534 Thread 0x000002252065b3a0 nmethod 1529 0x00000225103dd108 code [0x00000225103dd200, 0x00000225103dd2c8]
Event: 0.535 Thread 0x00000225205fe610 1532       1       java.lang.classfile.ClassFile::latestMajorVersion (3 bytes)
Event: 0.535 Thread 0x00000225207d76a0 nmethod 1531 0x0000022508a00788 code [0x0000022508a008e0, 0x0000022508a00cd8]
Event: 0.535 Thread 0x00000225207da6e0 nmethod 1530 0x0000022508a00d08 code [0x0000022508a00e60, 0x0000022508a012f0]
Event: 0.535 Thread 0x000002252065b3a0 1536       3       jdk.internal.classfile.impl.SplitConstantPool::writeTo (120 bytes)
Event: 0.535 Thread 0x00000225205fe610 nmethod 1532 0x00000225103dd408 code [0x00000225103dd500, 0x00000225103dd5a8]
Event: 0.535 Thread 0x00000225207d76a0 1535       3       jdk.internal.classfile.impl.Util::writeList (28 bytes)
Event: 0.535 Thread 0x00000225207da6e0 1537       3       jdk.internal.classfile.impl.BufWriterImpl::copyTo (15 bytes)
Event: 0.535 Thread 0x00000225205fe610 1533       1       java.lang.classfile.ClassFile::latestMinorVersion (2 bytes)
Event: 0.535 Thread 0x0000022566c6e3f0 1500       4       java.util.LinkedHashMap::linkNodeAtEnd (76 bytes)
Event: 0.535 Thread 0x00000225207e68b0 nmethod 1498 0x00000225103dd708 code [0x00000225103dd860, 0x00000225103dde98]
Event: 0.535 Thread 0x00000225205fe610 nmethod 1533 0x00000225103ddf08 code [0x00000225103de000, 0x00000225103de0a8]
Event: 0.535 Thread 0x00000225207da6e0 nmethod 1537 0x0000022508a01388 code [0x0000022508a014a0, 0x0000022508a01710]
Event: 0.535 Thread 0x00000225207d76a0 nmethod 1535 0x0000022508a01788 code [0x0000022508a018e0, 0x0000022508a01e50]
Event: 0.536 Thread 0x00000225205fe610 1534       1       jdk.internal.classfile.impl.DirectClassBuilder::setFlags (6 bytes)
Event: 0.536 Thread 0x00000225205fe610 nmethod 1534 0x00000225103de208 code [0x00000225103de300, 0x00000225103de3c8]
Event: 0.536 Thread 0x000002252065b3a0 nmethod 1536 0x0000022508a01e88 code [0x0000022508a020e0, 0x0000022508a03540]
Event: 0.537 Thread 0x0000022566c6e3f0 nmethod 1500 0x00000225103de508 code [0x00000225103de620, 0x00000225103deb48]
Event: 0.541 Thread 0x0000022520650e40 nmethod 1509 0x00000225103deb88 code [0x00000225103deca0, 0x00000225103df2b0]
Event: 0.552 Thread 0x00000225207e7040 nmethod 1492 0x00000225103df308 code [0x00000225103df640, 0x00000225103e3b10]

GC Heap History (0 events):
No events

Dll operation events (9 events):
Event: 0.125 Loaded shared library C:\Users\ToroM\.jdks\openjdk-24.0.1\bin\java.dll
Event: 0.126 Loaded shared library C:\Users\ToroM\.jdks\openjdk-24.0.1\bin\zip.dll
Event: 0.145 Loaded shared library C:\Users\ToroM\.jdks\openjdk-24.0.1\bin\jsvml.dll
Event: 0.189 Loaded shared library C:\Users\ToroM\.jdks\openjdk-24.0.1\bin\instrument.dll
Event: 0.227 Loaded shared library C:\Users\ToroM\.jdks\openjdk-24.0.1\bin\net.dll
Event: 0.229 Loaded shared library C:\Users\ToroM\.jdks\openjdk-24.0.1\bin\nio.dll
Event: 0.234 Loaded shared library C:\Users\ToroM\.jdks\openjdk-24.0.1\bin\zip.dll
Event: 0.251 Loaded shared library C:\Users\ToroM\.jdks\openjdk-24.0.1\bin\extnet.dll
Event: 0.294 Loaded shared library C:\Users\ToroM\.jdks\openjdk-24.0.1\bin\jimage.dll

Deoptimization events (20 events):
Event: 0.464 Thread 0x000002257f15db70 Uncommon trap: trap_request=0xffffffde fr.pc=0x00000225103bf518 relative=0x0000000000000078
Event: 0.464 Thread 0x000002257f15db70 Uncommon trap: reason=class_check action=maybe_recompile pc=0x00000225103bf518 method=jdk.jfr.FlightRecorderPermission$InternalAccess.getType(Ljava/lang/Object;)Ljdk/jfr/internal/Type; @ 18 c2
Event: 0.464 Thread 0x000002257f15db70 DEOPT PACKING pc=0x00000225103bf518 sp=0x000000ba94efdbc0
Event: 0.464 Thread 0x000002257f15db70 DEOPT UNPACKING pc=0x000002250fd58582 sp=0x000000ba94efdb58 mode 2
Event: 0.464 Thread 0x000002257f15db70 Uncommon trap: trap_request=0xffffffde fr.pc=0x00000225103bf518 relative=0x0000000000000078
Event: 0.465 Thread 0x000002257f15db70 Uncommon trap: reason=class_check action=maybe_recompile pc=0x00000225103bf518 method=jdk.jfr.FlightRecorderPermission$InternalAccess.getType(Ljava/lang/Object;)Ljdk/jfr/internal/Type; @ 18 c2
Event: 0.465 Thread 0x000002257f15db70 DEOPT PACKING pc=0x00000225103bf518 sp=0x000000ba94efdbc0
Event: 0.465 Thread 0x000002257f15db70 DEOPT UNPACKING pc=0x000002250fd58582 sp=0x000000ba94efdb58 mode 2
Event: 0.465 Thread 0x000002257f15db70 Uncommon trap: trap_request=0xffffffde fr.pc=0x00000225103bf518 relative=0x0000000000000078
Event: 0.465 Thread 0x000002257f15db70 Uncommon trap: reason=class_check action=maybe_recompile pc=0x00000225103bf518 method=jdk.jfr.FlightRecorderPermission$InternalAccess.getType(Ljava/lang/Object;)Ljdk/jfr/internal/Type; @ 18 c2
Event: 0.465 Thread 0x000002257f15db70 DEOPT PACKING pc=0x00000225103bf518 sp=0x000000ba94efdbc0
Event: 0.465 Thread 0x000002257f15db70 DEOPT UNPACKING pc=0x000002250fd58582 sp=0x000000ba94efdb58 mode 2
Event: 0.466 Thread 0x000002257f15db70 Uncommon trap: trap_request=0xffffffde fr.pc=0x00000225103bf518 relative=0x0000000000000078
Event: 0.466 Thread 0x000002257f15db70 Uncommon trap: reason=class_check action=maybe_recompile pc=0x00000225103bf518 method=jdk.jfr.FlightRecorderPermission$InternalAccess.getType(Ljava/lang/Object;)Ljdk/jfr/internal/Type; @ 18 c2
Event: 0.466 Thread 0x000002257f15db70 DEOPT PACKING pc=0x00000225103bf518 sp=0x000000ba94efdbc0
Event: 0.466 Thread 0x000002257f15db70 DEOPT UNPACKING pc=0x000002250fd58582 sp=0x000000ba94efdb58 mode 2
Event: 0.510 Thread 0x000002257f15db70 Uncommon trap: trap_request=0xffffff4d fr.pc=0x00000225103bf290 relative=0x00000000000000f0
Event: 0.510 Thread 0x000002257f15db70 Uncommon trap: reason=unstable_if action=reinterpret pc=0x00000225103bf290 method=java.lang.Long.valueOf(J)Ljava/lang/Long; @ 17 c2
Event: 0.510 Thread 0x000002257f15db70 DEOPT PACKING pc=0x00000225103bf290 sp=0x000000ba94efdd50
Event: 0.510 Thread 0x000002257f15db70 DEOPT UNPACKING pc=0x000002250fd58582 sp=0x000000ba94efdce8 mode 2

Classes loaded (20 events):
Event: 0.510 Loading class jdk/jfr/internal/MetadataWriter
Event: 0.510 Loading class jdk/jfr/internal/MetadataWriter done
Event: 0.510 Loading class jdk/jfr/internal/MetadataDescriptor$Element
Event: 0.510 Loading class jdk/jfr/internal/MetadataDescriptor$Element done
Event: 0.510 Loading class jdk/jfr/internal/MetadataDescriptor$Attribute
Event: 0.510 Loading class jdk/jfr/internal/MetadataDescriptor$Attribute done
Event: 0.516 Loading class jdk/jfr/internal/consumer/StringParser$Encoding
Event: 0.517 Loading class jdk/jfr/internal/consumer/StringParser$Encoding done
Event: 0.523 Loading class jdk/jfr/internal/consumer/RepositoryFiles
Event: 0.524 Loading class jdk/jfr/internal/consumer/RepositoryFiles done
Event: 0.527 Loading class jdk/jfr/internal/SettingsManager$InternalSetting
Event: 0.527 Loading class jdk/jfr/internal/SettingsManager$InternalSetting done
Event: 0.528 Loading class jdk/jfr/internal/util/Rate
Event: 0.528 Loading class jdk/jfr/internal/util/Rate done
Event: 0.529 Loading class jdk/jfr/internal/util/TimespanUnit
Event: 0.529 Loading class jdk/jfr/internal/util/TimespanUnit done
Event: 0.529 Loading class jdk/jfr/internal/util/ValueParser
Event: 0.529 Loading class jdk/jfr/internal/util/ValueParser done
Event: 0.531 Loading class jdk/jfr/internal/periodic/PeriodicType
Event: 0.531 Loading class jdk/jfr/internal/periodic/PeriodicType done

Classes unloaded (0 events):
No events

Classes redefined (1 events):
Event: 0.218 Thread 0x0000022520610300 redefined class name=java.lang.Throwable, count=1

Internal exceptions (19 events):
Event: 0.189 Thread 0x000002257f15db70 Exception <a 'java/lang/NoSuchMethodError'{0x000000071cf5d190}: 'void java.lang.invoke.DirectMethodHandle$Holder.invokeStatic(java.lang.Object, java.lang.Object, java.lang.Object)'> (0x000000071cf5d190) 
thrown [s\open\src\hotspot\share\interpreter\linkResolver.cpp, line 805]
Event: 0.193 Thread 0x000002257f15db70 Exception <a 'java/lang/NoSuchMethodError'{0x000000071cf91d50}: 'java.lang.Object java.lang.invoke.Invokers$Holder.invokeExact_MT(java.lang.Object, java.lang.Object, java.lang.Object, java.lang.Object, java.lang.Object)'> (0x000000071cf91d50) 
thrown [s\open\src\hotspot\share\interpreter\linkResolver.cpp, line 805]
Event: 0.242 Thread 0x000002257f15db70 Exception <a 'java/lang/NoSuchMethodError'{0x000000071ccf08f8}: 'java.lang.Object java.lang.invoke.DirectMethodHandle$Holder.invokeStaticInit(java.lang.Object, java.lang.Object, java.lang.Object)'> (0x000000071ccf08f8) 
thrown [s\open\src\hotspot\share\interpreter\linkResolver.cpp, line 805]
Event: 0.249 Thread 0x0000022566311ab0 Exception <a 'java/lang/NoSuchMethodError'{0x000000071ca61000}: 'java.lang.Object java.lang.invoke.DirectMethodHandle$Holder.invokeStaticInit(java.lang.Object)'> (0x000000071ca61000) 
thrown [s\open\src\hotspot\share\interpreter\linkResolver.cpp, line 805]
Event: 0.252 Thread 0x0000022566311ab0 Exception <a 'java/lang/NoSuchMethodError'{0x000000071ca6db60}: 'void java.lang.invoke.DirectMethodHandle$Holder.invokeStatic(java.lang.Object, java.lang.Object)'> (0x000000071ca6db60) 
thrown [s\open\src\hotspot\share\interpreter\linkResolver.cpp, line 805]
Event: 0.353 Thread 0x000002257f15db70 Exception <a 'java/lang/NoSuchMethodError'{0x000000071c1837c0}: 'java.lang.Object java.lang.invoke.DirectMethodHandle$Holder.invokeStatic(java.lang.Object, int, java.lang.Object)'> (0x000000071c1837c0) 
thrown [s\open\src\hotspot\share\interpreter\linkResolver.cpp, line 805]
Event: 0.363 Thread 0x000002257f15db70 Exception <a 'java/lang/NoSuchMethodError'{0x000000071c1cbd20}: 'void java.lang.invoke.DirectMethodHandle$Holder.invokeStaticInit(java.lang.Object)'> (0x000000071c1cbd20) 
thrown [s\open\src\hotspot\share\interpreter\linkResolver.cpp, line 805]
Event: 0.376 Thread 0x000002257f15db70 Exception <a 'java/lang/NoSuchMethodError'{0x000000071be80a58}: 'void java.lang.invoke.DirectMethodHandle$Holder.invokeSpecial(java.lang.Object, java.lang.Object, java.lang.Object)'> (0x000000071be80a58) 
thrown [s\open\src\hotspot\share\interpreter\linkResolver.cpp, line 805]
Event: 0.386 Thread 0x000002257f15db70 Exception <a 'java/lang/NoSuchMethodError'{0x000000071befb980}: 'java.lang.Object java.lang.invoke.DirectMethodHandle$Holder.newInvokeSpecial(java.lang.Object, java.lang.Object, java.lang.Object, java.lang.Object, java.lang.Object)'> (0x000000071befb980) 
thrown [s\open\src\hotspot\share\interpreter\linkResolver.cpp, line 805]
Event: 0.414 Thread 0x000002257f15db70 Exception <a 'java/lang/NoSuchMethodError'{0x000000071bcb14c8}: 'long java.lang.invoke.DirectMethodHandle$Holder.invokeVirtual(java.lang.Object, java.lang.Object)'> (0x000000071bcb14c8) 
thrown [s\open\src\hotspot\share\interpreter\linkResolver.cpp, line 805]
Event: 0.455 Thread 0x000002257f15db70 Exception <a 'java/lang/NoSuchMethodError'{0x000000071bb26cf8}: 'int java.lang.invoke.DirectMethodHandle$Holder.invokeSpecial(java.lang.Object, java.lang.Object, java.lang.Object)'> (0x000000071bb26cf8) 
thrown [s\open\src\hotspot\share\interpreter\linkResolver.cpp, line 805]
Event: 0.496 Thread 0x000002257f15db70 Exception <a 'java/lang/NoSuchMethodError'{0x000000071b90a6f8}: 'void java.lang.invoke.DirectMethodHandle$Holder.invokeSpecial(java.lang.Object, java.lang.Object, int)'> (0x000000071b90a6f8) 
thrown [s\open\src\hotspot\share\interpreter\linkResolver.cpp, line 805]
Event: 0.496 Thread 0x000002257f15db70 Exception <a 'java/lang/NoSuchMethodError'{0x000000071b912338}: 'void java.lang.invoke.Invokers$Holder.invokeExact_MT(java.lang.Object, int, java.lang.Object)'> (0x000000071b912338) 
thrown [s\open\src\hotspot\share\interpreter\linkResolver.cpp, line 805]
Event: 0.498 Thread 0x000002257f15db70 Exception <a 'java/lang/NoSuchMethodError'{0x000000071b92e3b8}: 'void java.lang.invoke.DirectMethodHandle$Holder.invokeStatic(java.lang.Object, java.lang.Object, int)'> (0x000000071b92e3b8) 
thrown [s\open\src\hotspot\share\interpreter\linkResolver.cpp, line 805]
Event: 0.498 Thread 0x000002257f15db70 Exception <a 'java/lang/NoSuchMethodError'{0x000000071b93db98}: 'java.lang.Object java.lang.invoke.DirectMethodHandle$Holder.newInvokeSpecial(java.lang.Object, java.lang.Object, int)'> (0x000000071b93db98) 
thrown [s\open\src\hotspot\share\interpreter\linkResolver.cpp, line 805]
Event: 0.499 Thread 0x0000022567f07f40 Exception <a 'java/lang/NoSuchMethodError'{0x000000071b9f0be0}: 'long java.lang.invoke.DirectMethodHandle$Holder.invokeSpecial(java.lang.Object, java.lang.Object)'> (0x000000071b9f0be0) 
thrown [s\open\src\hotspot\share\interpreter\linkResolver.cpp, line 805]
Event: 0.502 Thread 0x000002257f15db70 Exception <a 'sun/nio/fs/WindowsException'{0x000000071b97fac8}> (0x000000071b97fac8) 
thrown [s\open\src\hotspot\share\prims\jni.cpp, line 518]
Event: 0.504 Thread 0x000002257f15db70 Exception <a 'sun/nio/fs/WindowsException'{0x000000071b98e1d0}> (0x000000071b98e1d0) 
thrown [s\open\src\hotspot\share\prims\jni.cpp, line 518]
Event: 0.507 Thread 0x000002257f15db70 Exception <a 'sun/nio/fs/WindowsException'{0x000000071b9a0ac8}> (0x000000071b9a0ac8) 
thrown [s\open\src\hotspot\share\prims\jni.cpp, line 518]

VM Operations (10 events):
Event: 0.180 Executing VM operation: HandshakeAllThreads (Deoptimize)
Event: 0.180 Executing VM operation: HandshakeAllThreads (Deoptimize) done
Event: 0.217 Executing VM operation: RedefineClasses
Event: 0.218 Executing VM operation: RedefineClasses done
Event: 0.381 Executing VM operation: HandshakeAllThreads (Deoptimize)
Event: 0.381 Executing VM operation: HandshakeAllThreads (Deoptimize) done
Event: 0.500 Executing VM operation: HandshakeAllThreads (Deoptimize)
Event: 0.500 Executing VM operation: HandshakeAllThreads (Deoptimize) done
Event: 0.524 Executing VM operation: JFRSafepointClear
Event: 0.524 Executing VM operation: JFRSafepointClear done

Memory protections (0 events):
No events

Nmethod flushes (0 events):
No events

Events (20 events):
Event: 0.143 Thread 0x000002257f15db70 Thread added: 0x0000022520624d40
Event: 0.143 Thread 0x000002257f15db70 Thread added: 0x0000022520625480
Event: 0.144 Thread 0x000002257f15db70 Thread added: 0x0000022520627630
Event: 0.144 Thread 0x000002257f15db70 Thread added: 0x0000022520628160
Event: 0.144 Thread 0x000002257f15db70 Thread added: 0x000002252062e380
Event: 0.144 Thread 0x000002257f15db70 Thread added: 0x000002252064f120
Event: 0.144 Thread 0x000002257f15db70 Thread added: 0x0000022520650e40
Event: 0.144 Thread 0x000002257f15db70 Thread added: 0x000002252065b3a0
Event: 0.169 Thread 0x000002252065b3a0 Thread added: 0x00000225205fe610
Event: 0.181 Thread 0x00000225205fe610 Thread added: 0x00000225207d76a0
Event: 0.181 Thread 0x000002252065b3a0 Thread added: 0x00000225207da6e0
Event: 0.183 Thread 0x00000225207d76a0 Thread added: 0x00000225207e68b0
Event: 0.183 Thread 0x00000225205fe610 Thread added: 0x00000225207e7040
Event: 0.204 Thread 0x000002257f15db70 Thread added: 0x000002256608c720
Event: 0.219 Thread 0x000002257f15db70 Thread added: 0x0000022566273ae0
Event: 0.239 Thread 0x000002257f15db70 Thread added: 0x0000022566311ab0
Event: 0.308 Thread 0x00000225207d76a0 Thread added: 0x0000022566bcaa70
Event: 0.312 Thread 0x00000225207d76a0 Thread added: 0x0000022566c6e3f0
Event: 0.361 Thread 0x000002257f15db70 Thread added: 0x0000022566ea8230
Event: 0.498 Thread 0x000002257f15db70 Thread added: 0x0000022567f07f40


Dynamic libraries:
0x00007ff6068c0000 - 0x00007ff6068ce000 	C:\Users\ToroM\.jdks\openjdk-24.0.1\bin\java.exe
0x00007ff8504e0000 - 0x00007ff850745000 	C:\Windows\SYSTEM32\ntdll.dll
0x00007ff84e610000 - 0x00007ff84e6d9000 	C:\Windows\System32\KERNEL32.DLL
0x00007ff84de90000 - 0x00007ff84e278000 	C:\Windows\System32\KERNELBASE.dll
0x00007ff84dcb0000 - 0x00007ff84ddfb000 	C:\Windows\System32\ucrtbase.dll
0x00007ff839540000 - 0x00007ff83955b000 	C:\Users\ToroM\.jdks\openjdk-24.0.1\bin\VCRUNTIME140.dll
0x00007ff839520000 - 0x00007ff839536000 	C:\Users\ToroM\.jdks\openjdk-24.0.1\bin\jli.dll
0x00007ff84e430000 - 0x00007ff84e5fa000 	C:\Windows\System32\USER32.dll
0x00007ff84dc80000 - 0x00007ff84dca7000 	C:\Windows\System32\win32u.dll
0x00007ff850370000 - 0x00007ff85039b000 	C:\Windows\System32\GDI32.dll
0x00007ff84d630000 - 0x00007ff84d767000 	C:\Windows\System32\gdi32full.dll
0x00007ff83a710000 - 0x00007ff83a9aa000 	C:\Windows\WinSxS\amd64_microsoft.windows.common-controls_6595b64144ccf1df_6.0.26100.4202_none_3e0698d4e335f517\COMCTL32.dll
0x00007ff84da50000 - 0x00007ff84daf3000 	C:\Windows\System32\msvcp_win.dll
0x00007ff84e340000 - 0x00007ff84e3e9000 	C:\Windows\System32\msvcrt.dll
0x00007ff84e3f0000 - 0x00007ff84e420000 	C:\Windows\System32\IMM32.DLL
0x00007ff84a110000 - 0x00007ff84a11c000 	C:\Users\ToroM\.jdks\openjdk-24.0.1\bin\vcruntime140_1.dll
0x00007ff81d120000 - 0x00007ff81d1ae000 	C:\Users\ToroM\.jdks\openjdk-24.0.1\bin\msvcp140.dll
0x00007fffd6c90000 - 0x00007fffd7a32000 	C:\Users\ToroM\.jdks\openjdk-24.0.1\bin\server\jvm.dll
0x00007ff84e280000 - 0x00007ff84e333000 	C:\Windows\System32\ADVAPI32.dll
0x00007ff84f710000 - 0x00007ff84f7b6000 	C:\Windows\System32\sechost.dll
0x00007ff84e6e0000 - 0x00007ff84e7f5000 	C:\Windows\System32\RPCRT4.dll
0x00007ff850180000 - 0x00007ff8501f4000 	C:\Windows\System32\WS2_32.dll
0x00007ff84c250000 - 0x00007ff84c2ae000 	C:\Windows\SYSTEM32\POWRPROF.dll
0x00007ff83f440000 - 0x00007ff83f44b000 	C:\Windows\SYSTEM32\VERSION.dll
0x00007ff83e8e0000 - 0x00007ff83e915000 	C:\Windows\SYSTEM32\WINMM.dll
0x00007ff84c230000 - 0x00007ff84c244000 	C:\Windows\SYSTEM32\UMPDC.dll
0x00007ff84c510000 - 0x00007ff84c52b000 	C:\Windows\SYSTEM32\kernel.appcore.dll
0x00007ff8394b0000 - 0x00007ff8394ba000 	C:\Users\ToroM\.jdks\openjdk-24.0.1\bin\jimage.dll
0x00007ff84ae70000 - 0x00007ff84b0b1000 	C:\Windows\SYSTEM32\DBGHELP.DLL
0x00007ff84ecb0000 - 0x00007ff84f035000 	C:\Windows\System32\combase.dll
0x00007ff850280000 - 0x00007ff850361000 	C:\Windows\System32\OLEAUT32.dll
0x00007ff82e190000 - 0x00007ff82e1c9000 	C:\Windows\SYSTEM32\dbgcore.DLL
0x00007ff84d770000 - 0x00007ff84d809000 	C:\Windows\System32\bcryptPrimitives.dll
0x00007ff838850000 - 0x00007ff83885f000 	C:\Users\ToroM\.jdks\openjdk-24.0.1\bin\instrument.dll
0x00007ff839490000 - 0x00007ff8394ae000 	C:\Users\ToroM\.jdks\openjdk-24.0.1\bin\java.dll
0x00007ff84f0c0000 - 0x00007ff84f25e000 	C:\Windows\System32\ole32.dll
0x00007ff84f920000 - 0x00007ff850062000 	C:\Windows\System32\SHELL32.dll
0x00007ff84db00000 - 0x00007ff84dc74000 	C:\Windows\System32\wintypes.dll
0x00007ffff0440000 - 0x00007ffff0638000 	C:\Users\ToroM\AppData\Local\Temp\idea_libasyncProfiler_dll_temp_folder5220\libasyncProfiler.dll
0x00007ff835810000 - 0x00007ff835827000 	C:\Users\ToroM\.jdks\openjdk-24.0.1\bin\zip.dll
0x00007ff84b280000 - 0x00007ff84bad8000 	C:\Windows\SYSTEM32\windows.storage.dll
0x00007ff8503a0000 - 0x00007ff850491000 	C:\Windows\System32\SHCORE.dll
0x00007ff850200000 - 0x00007ff85026a000 	C:\Windows\System32\shlwapi.dll
0x00007ff84d540000 - 0x00007ff84d56f000 	C:\Windows\SYSTEM32\profapi.dll
0x00007ff80e740000 - 0x00007ff80e817000 	C:\Users\ToroM\.jdks\openjdk-24.0.1\bin\jsvml.dll
0x00007ff838910000 - 0x00007ff838920000 	C:\Users\ToroM\.jdks\openjdk-24.0.1\bin\net.dll
0x00007ff84ca80000 - 0x00007ff84caea000 	C:\Windows\system32\mswsock.dll
0x00007ff838860000 - 0x00007ff838876000 	C:\Users\ToroM\.jdks\openjdk-24.0.1\bin\nio.dll
0x00007ff837730000 - 0x00007ff837739000 	C:\Users\ToroM\.jdks\openjdk-24.0.1\bin\extnet.dll

JVMTI agents:
C:\Users\ToroM\AppData\Local\JetBrains\IntelliJIdea2025.1\captureAgent\debugger-agent.jar path:C:\Users\ToroM\.jdks\openjdk-24.0.1\bin\instrument.dll, loaded, initialized, instrumentlib options:file:///C:/Users/ToroM/AppData/Local/Temp/capture2812315565444430199.props
C:\Program Files\JetBrains\IntelliJ IDEA 2025.1.1.1\lib\idea_rt.jar path:C:\Users\ToroM\.jdks\openjdk-24.0.1\bin\instrument.dll, loaded, initialized, instrumentlib options:55563
C:\Users\ToroM\AppData\Local\Temp\idea_libasyncProfiler_dll_temp_folder5220\libasyncProfiler.dll path:C:\Users\ToroM\AppData\Local\Temp\idea_libasyncProfiler_dll_temp_folder5220\libasyncProfiler.dll, loaded, initialized, options:start,jfr,event=wall,interval=10ms,jfrsync=profile,cstack=no,file=C:\Users\ToroM\IdeaSnapshots\ReservationServiceTest_testAddReservation_whenReservationCanBeAdded_addReservation_2025_06_26_132612.jfr,dbghelppath=C:\Users\ToroM\AppData\Local\Temp\idea_dbghelp_dll_temp_folder6\dbghelp.dll,log=C:\Users\ToroM\AppData\Local\Temp\ReservationServiceTest_testAddReservation_whenReservationCanBeAdded_addReservation_2025_06_26_132612.jfr.log.txt,logLevel=DEBUG

dbghelp: loaded successfully - version: 4.0.5 - missing functions: none
symbol engine: initialized successfully - sym options: 0x614 - pdb path: .;C:\Users\ToroM\.jdks\openjdk-24.0.1\bin;C:\Windows\SYSTEM32;C:\Windows\WinSxS\amd64_microsoft.windows.common-controls_6595b64144ccf1df_6.0.26100.4202_none_3e0698d4e335f517;C:\Users\ToroM\.jdks\openjdk-24.0.1\bin\server;C:\Users\ToroM\AppData\Local\Temp\idea_libasyncProfiler_dll_temp_folder5220

VM Arguments:
jvm_args: -javaagent:C:\Users\ToroM\AppData\Local\JetBrains\IntelliJIdea2025.1\captureAgent\debugger-agent.jar=file:///C:/Users/ToroM/AppData/Local/Temp/capture2812315565444430199.props -ea -Didea.test.cyclic.buffer.size=1048576 -javaagent:C:\Program Files\JetBrains\IntelliJ IDEA 2025.1.1.1\lib\idea_rt.jar=55563 -Dkotlinx.coroutines.debug.enable.creation.stack.trace=false -Ddebugger.agent.enable.coroutines=true -Dkotlinx.coroutines.debug.enable.flows.stack.trace=true -Dkotlinx.coroutines.debug.enable.mutable.state.flows.stack.trace=true -agentpath:C:\Users\ToroM\AppData\Local\Temp\idea_libasyncProfiler_dll_temp_folder5220\libasyncProfiler.dll=start,jfr,event=wall,interval=10ms,jfrsync=profile,cstack=no,file=C:\Users\ToroM\IdeaSnapshots\ReservationServiceTest_testAddReservation_whenReservationCanBeAdded_addReservation_2025_06_26_132612.jfr,dbghelppath=C:\Users\ToroM\AppData\Local\Temp\idea_dbghelp_dll_temp_folder6\dbghelp.dll,log=C:\Users\ToroM\AppData\Local\Temp\ReservationServiceTest_testAddReservation_whenReservationCanBeAdded_addReservation_2025_06_26_132612.jfr.log.txt,logLevel=DEBUG -Dfile.encoding=UTF-8 -Dsun.stdout.encoding=UTF-8 -Dsun.stderr.encoding=UTF-8 
java_command: com.intellij.rt.junit.JUnitStarter -ideVersion5 -junit5 com.codecool.backend.service.ReservationServiceTest,testAddReservation_whenReservationCanBeAdded_addReservation
java_class_path (initial): C:\Users\ToroM\.m2\repository\org\junit\platform\junit-platform-launcher\1.12.2\junit-platform-launcher-1.12.2.jar;C:\Program Files\JetBrains\IntelliJ IDEA 2025.1.1.1\lib\idea_rt.jar;C:\Program Files\JetBrains\IntelliJ IDEA 2025.1.1.1\plugins\junit\lib\junit5-rt.jar;C:\Program Files\JetBrains\IntelliJ IDEA 2025.1.1.1\plugins\junit\lib\junit-rt.jar;C:\Users\ToroM\codecool\AdvanceSpring\tw\bar-assistant\backend\target\test-classes;C:\Users\ToroM\codecool\AdvanceSpring\tw\bar-assistant\backend\target\classes;C:\Users\ToroM\.m2\repository\org\springframework\boot\spring-boot-starter-web\3.5.0\spring-boot-starter-web-3.5.0.jar;C:\Users\ToroM\.m2\repository\org\springframework\boot\spring-boot-starter\3.5.0\spring-boot-starter-3.5.0.jar;C:\Users\ToroM\.m2\repository\org\springframework\boot\spring-boot-starter-logging\3.5.0\spring-boot-starter-logging-3.5.0.jar;C:\Users\ToroM\.m2\repository\ch\qos\logback\logback-classic\1.5.18\logback-classic-1.5.18.jar;C:\Users\ToroM\.m2\repository\ch\qos\logback\logback-core\1.5.18\logback-core-1.5.18.jar;C:\Users\ToroM\.m2\repository\org\apache\logging\log4j\log4j-to-slf4j\2.24.3\log4j-to-slf4j-2.24.3.jar;C:\Users\ToroM\.m2\repository\org\apache\logging\log4j\log4j-api\2.24.3\log4j-api-2.24.3.jar;C:\Users\ToroM\.m2\repository\org\slf4j\jul-to-slf4j\2.0.17\jul-to-slf4j-2.0.17.jar;C:\Users\ToroM\.m2\repository\jakarta\annotation\jakarta.annotation-api\2.1.1\jakarta.annotation-api-2.1.1.jar;C:\Users\ToroM\.m2\repository\org\yaml\snakeyaml\2.4\snakeyaml-2.4.jar;C:\Users\ToroM\.m2\repository\org\springframework\boot\spring-boot-starter-json\3.5.0\spring-boot-starter-json-3.5.0.jar;C:\Users\ToroM\.m2\repository\com\fasterxml\jackson\core\jackson-databind\2.19.0\jackson-databind-2.19.0.jar;C:\Users\ToroM\.m2\repository\com\fasterxml\jackson\core\jackson-annotations\2.19.0\jackson-annotations-2.19.0.jar;C:\Users\ToroM\.m2\repository\com\fasterxml\jackson\core\jackson-core\2.19.0\jackson-core-2.19.0.jar;C:\Users\ToroM\.m2\repository\com\fasterxml\jackson\datatype\jackson-datatype-jdk8\2.19.0\jackson-datatype-jdk8-2.19.0.jar;C:\Users\ToroM\.m2\repository\com\fasterxml\jackson\datatype\jackson-datatype-jsr310\2.19.0\jackson-datatype-jsr310-2.19.0.jar;C:\Users\ToroM\.m2\repository\com\fasterxml\jackson\module\jackson-module-parameter-names\2.19.0\jackson-module-parameter-names-2.19.0.jar;C:\Users\ToroM\.m2\repository\org\springframework\boot\spring-boot-starter-tomcat\3.5.0\spring-boot-starter-tomcat-3.5.0.jar;C:\Users\ToroM\.m2\repository\org\apache\tomcat\embed\tomcat-embed-core\10.1.41\tomcat-embed-core-10.1.41.jar;C:\Users\ToroM\.m2\repository\org\apache\tomcat\embed\tomcat-embed-el\10.1.41\tomcat-embed-el-10.1.41.jar;C:\Users\ToroM\.m2\repository\org\apache\tomcat\embed\tomcat-embed-websocket\10.1.41\tomcat-embed-websocket-10.1.41.jar;C:\Users\ToroM\.m2\repository\org\springframework\spring-web\6.2.7\spring-web-6.2.7.jar;C:\Users\ToroM\.m2\repository\org\springframework\spring-beans\6.2.7\spring-beans-6.2.7.jar;C:\Users\ToroM\.m2\repository\io\micrometer\micrometer-observation\1.15.0\micrometer-observation-1.15.0.jar;C:\Users\ToroM\.m2\repository\io\micrometer\micrometer-commons\1.15.0\micrometer-commons-1.15.0.jar;C:\Users\ToroM\.m2\repository\org\springframework\spring-webmvc\6.2.7\spring-webmvc-6.2.7.jar;C:\Users\ToroM\.m2\repository\org\springframework\spring-aop\6.2.7\spring-aop-6.2.7.jar;C:\Users\ToroM\.m2\repository\org\springframework\spring-context\6.2.7\spring-context-6.2.7.jar;C:\Users\ToroM\.m2\repository\org\springframework\spring-expression\6.2.7\spring-expression-6.2.7.jar;C:\Users\ToroM\.m2\repository\org\springframework\boot\spring-boot-devtools\3.5.0\spring-boot-devtools-3.5.0.jar;C:\Users\ToroM\.m2\repository\org\springframework\boot\spring-boot\3.5.0\spring-boot-3.5.0.jar;C:\Users\ToroM\.m2\repository\org\springframework\boot\spring-boot-autoconfigure\3.5.0\spring-boot-autoconfigure-3.5.0.jar;C:\Users\ToroM\.m2\repository\org\postgresql\postgresql\42.7.5\postgresql-42.7.5.jar;C:\Users\ToroM\.m2\repository\org\checkerframework\checker-qual\3.48.3\checker-qual-3.48.3.jar;C:\Users\ToroM\.m2\repository\org\springframework\boot\spring-boot-starter-test\3.5.0\spring-boot-starter-test-3.5.0.jar;C:\Users\ToroM\.m2\repository\org\springframework\boot\spring-boot-test\3.5.0\spring-boot-test-3.5.0.jar;C:\Users\ToroM\.m2\repository\org\springframework\boot\spring-boot-test-autoconfigure\3.5.0\spring-boot-test-autoconfigure-3.5.0.jar;C:\Users\ToroM\.m2\repository\com\jayway\jsonpath\json-path\2.9.0\json-path-2.9.0.jar;C:\Users\ToroM\.m2\repository\org\slf4j\slf4j-api\2.0.17\slf4j-api-2.0.17.jar;C:\Users\ToroM\.m2\repository\jakarta\xml\bind\jakarta.xml.bind-api\4.0.2\jakarta.xml.bind-api-4.0.2.jar;C:\Users\ToroM\.m2\repository\jakarta\activation\jakarta.activation-api\2.1.3\jakarta.activation-api-2.1.3.jar;C:\Users\ToroM\.m2\repository\net\minidev\json-smart\2.5.2\json-smart-2.5.2.jar;C:\Users\ToroM\.m2\repository\net\minidev\accessors-smart\2.5.2\accessors-smart-2.5.2.jar;C:\Users\ToroM\.m2\repository\org\ow2\asm\asm\9.7.1\asm-9.7.1.jar;C:\Users\ToroM\.m2\repository\org\assertj\assertj-core\3.27.3\assertj-core-3.27.3.jar;C:\Users\ToroM\.m2\repository\net\bytebuddy\byte-buddy\1.17.5\byte-buddy-1.17.5.jar;C:\Users\ToroM\.m2\repository\org\awaitility\awaitility\4.3.0\awaitility-4.3.0.jar;C:\Users\ToroM\.m2\repository\org\hamcrest\hamcrest\3.0\hamcrest-3.0.jar;C:\Users\ToroM\.m2\repository\org\junit\jupiter\junit-jupiter\5.12.2\junit-jupiter-5.12.2.jar;C:\Users\ToroM\.m2\repository\org\junit\jupiter\junit-jupiter-api\5.12.2\junit-jupiter-api-5.12.2.jar;C:\Users\ToroM\.m2\repository\org\opentest4j\opentest4j\1.3.0\opentest4j-1.3.0.jar;C:\Users\ToroM\.m2\repository\org\junit\platform\junit-platform-commons\1.12.2\junit-platform-commons-1.12.2.jar;C:\Users\ToroM\.m2\repository\org\apiguardian\apiguardian-api\1.1.2\apiguardian-api-1.1.2.jar;C:\Users\ToroM\.m2\repository\org\junit\jupiter\junit-jupiter-params\5.12.2\junit-jupiter-params-5.12.2.jar;C:\Users\ToroM\.m2\repository\org\junit\jupiter\junit-jupiter-engine\5.12.2\junit-jupiter-engine-5.12.2.jar;C:\Users\ToroM\.m2\repository\org\junit\platform\junit-platform-engine\1.12.2\junit-platform-engine-1.12.2.jar;C:\Users\ToroM\.m2\repository\org\mockito\mockito-core\5.17.0\mockito-core-5.17.0.jar;C:\Users\ToroM\.m2\repository\net\bytebuddy\byte-buddy-agent\1.17.5\byte-buddy-agent-1.17.5.jar;C:\Users\ToroM\.m2\repository\org\objenesis\objenesis\3.3\objenesis-3.3.jar;C:\Users\ToroM\.m2\repository\org\mockito\mockito-junit-jupiter\5.17.0\mockito-junit-jupiter-5.17.0.jar;C:\Users\ToroM\.m2\repository\org\skyscreamer\jsonassert\1.5.3\jsonassert-1.5.3.jar;C:\Users\ToroM\.m2\repository\com\vaadin\external\google\android-json\0.0.20131108.vaadin1\android-json-0.0.20131108.vaadin1.jar;C:\Users\ToroM\.m2\repository\org\springframework\spring-core\6.2.7\spring-core-6.2.7.jar;C:\Users\ToroM\.m2\repository\org\springframework\spring-jcl\6.2.7\spring-jcl-6.2.7.jar;C:\Users\ToroM\.m2\repository\org\springframework\spring-test\6.2.7\spring-test-6.2.7.jar;C:\Users\ToroM\.m2\repository\org\xmlunit\xmlunit-core\2.10.1\xmlunit-core-2.10.1.jar;C:\Users\ToroM\.m2\repository\org\springframework\boot\spring-boot-starter-data-jpa\3.5.0\spring-boot-starter-data-jpa-3.5.0.jar;C:\Users\ToroM\.m2\repository\org\springframework\boot\spring-boot-starter-jdbc\3.5.0\spring-boot-starter-jdbc-3.5.0.jar;C:\Users\ToroM\.m2\repository\com\zaxxer\HikariCP\6.3.0\HikariCP-6.3.0.jar;C:\Users\ToroM\.m2\repository\org\springframework\spring-jdbc\6.2.7\spring-jdbc-6.2.7.jar;C:\Users\ToroM\.m2\repository\org\hibernate\orm\hibernate-core\6.6.15.Final\hibernate-core-6.6.15.Final.jar;C:\Users\ToroM\.m2\repository\jakarta\persistence\jakarta.persistence-api\3.1.0\jakarta.persistence-api-3.1.0.jar;C:\Users\ToroM\.m2\repository\jakarta\transaction\jakarta.transaction-api\2.0.1\jakarta.transaction-api-2.0.1.jar;C:\Users\ToroM\.m2\repository\org\jboss\logging\jboss-logging\3.6.1.Final\jboss-logging-3.6.1.Final.jar;C:\Users\ToroM\.m2\repository\org\hibernate\common\hibernate-commons-annotations\7.0.3.Final\hibernate-commons-annotations-7.0.3.Final.jar;C:\Users\ToroM\.m2\repository\io\smallrye\jandex\3.2.0\jandex-3.2.0.jar;C:\Users\ToroM\.m2\repository\com\fasterxml\classmate\1.7.0\classmate-1.7.0.jar;C:\Users\ToroM\.m2\repository\org\glassfish\jaxb\jaxb-runtime\4.0.5\jaxb-runtime-4.0.5.jar;C:\Users\ToroM\.m2\repository\org\glassfish\jaxb\jaxb-core\4.0.5\jaxb-core-4.0.5.jar;C:\Users\ToroM\.m2\repository\org\eclipse\angus\angus-activation\2.0.2\angus-activation-2.0.2.jar;C:\Users\ToroM\.m2\repository\org\glassfish\jaxb\txw2\4.0.5\txw2-4.0.5.jar;C:\Users\ToroM\.m2\repository\com\sun\istack\istack-commons-runtime\4.1.2\istack-commons-runtime-4.1.2.jar;C:\Users\ToroM\.m2\repository\jakarta\inject\jakarta.inject-api\2.0.1\jakarta.inject-api-2.0.1.jar;C:\Users\ToroM\.m2\repository\org\antlr\antlr4-runtime\4.13.0\antlr4-runtime-4.13.0.jar;C:\Users\ToroM\.m2\repository\org\springframework\data\spring-data-jpa\3.5.0\spring-data-jpa-3.5.0.jar;C:\Users\ToroM\.m2\repository\org\springframework\data\spring-data-commons\3.5.0\spring-data-commons-3.5.0.jar;C:\Users\ToroM\.m2\repository\org\springframework\spring-orm\6.2.7\spring-orm-6.2.7.jar;C:\Users\ToroM\.m2\repository\org\springframework\spring-tx\6.2.7\spring-tx-6.2.7.jar;C:\Users\ToroM\.m2\repository\org\springframework\spring-aspects\6.2.7\spring-aspects-6.2.7.jar;C:\Users\ToroM\.m2\repository\org\aspectj\aspectjweaver\1.9.24\aspectjweaver-1.9.24.jar
Launcher Type: SUN_STANDARD

[Global flags]
     intx CICompilerCount                          = 12                                        {product} {ergonomic}
     uint ConcGCThreads                            = 5                                         {product} {ergonomic}
     bool FlightRecorder                           = true                                      {product} {management}
     uint G1ConcRefinementThreads                  = 18                                        {product} {ergonomic}
   size_t G1HeapRegionSize                         = 2097152                                   {product} {ergonomic}
   size_t InitialHeapSize                          = 253755392                                 {product} {ergonomic}
   size_t MarkStackSize                            = 4194304                                   {product} {ergonomic}
   size_t MarkStackSizeMax                         = 536870912                                 {product} {ergonomic}
   size_t MaxHeapSize                              = 4060086272                                {product} {ergonomic}
   size_t MaxNewSize                               = 2434793472                                {product} {ergonomic}
   size_t MinHeapDeltaBytes                        = 2097152                                   {product} {ergonomic}
   size_t MinHeapSize                              = 8388608                                   {product} {ergonomic}
    uintx NonNMethodCodeHeapSize                   = 7602176                                {pd product} {ergonomic}
    uintx NonProfiledCodeHeapSize                  = 122093568                              {pd product} {ergonomic}
    uintx ProfiledCodeHeapSize                     = 121962496                              {pd product} {ergonomic}
    uintx ReservedCodeCacheSize                    = 251658240                              {pd product} {ergonomic}
     bool SegmentedCodeCache                       = true                                      {product} {ergonomic}
   size_t SoftMaxHeapSize                          = 4060086272                             {manageable} {ergonomic}
     bool UseCompressedOops                        = true                           {product lp64_product} {ergonomic}
     bool UseG1GC                                  = true                                      {product} {ergonomic}
     bool UseLargePagesIndividualAllocation        = false                                  {pd product} {ergonomic}

Logging:
Log output configuration:
 #0: stdout all=warning uptime,level,tags foldmultilines=false
 #1: stderr all=off uptime,level,tags foldmultilines=false

Environment Variables:
PATH=C:\Program Files\Common Files\Oracle\Java\javapath;C:\Windows\system32;C:\Windows;C:\Windows\System32\Wbem;C:\Windows\System32\WindowsPowerShell\v1.0\;C:\Windows\System32\OpenSSH\;C:\Program Files (x86)\NVIDIA Corporation\PhysX\Common;C:\Program Files\dotnet\;C:\Program Files\NVIDIA Corporation\NVIDIA App\NvDLISR;C:\Program Files\Git\cmd;C:\Program Files\Docker\Docker\resources\bin;C:\Program Files\nodejs\;C:\Program Files\maven\apache-maven-3.9.10\bin;C:\Users\ToroM\AppData\Local\Microsoft\WindowsApps;C:\Users\ToroM\AppData\Local\Programs\Microsoft VS Code\bin;C:\Program Files\JetBrains\IntelliJ IDEA 2025.1.1.1\bin;;C:\Program Files\PostgreSQL\17\bin;C:\Users\ToroM\AppData\Local\Programs\Windsurf\bin;C:\Users\ToroM\AppData\Roaming\npm
USERNAME=ToroM
OS=Windows_NT
PROCESSOR_IDENTIFIER=AMD64 Family 26 Model 36 Stepping 0, AuthenticAMD
TMP=C:\Users\ToroM\AppData\Local\Temp
TEMP=C:\Users\ToroM\AppData\Local\Temp




Periodic native trim disabled

---------------  S Y S T E M  ---------------

OS:
 Windows 11 , 64 bit Build 26100 (10.0.26100.4202)
OS uptime: 0 days 14:21 hours
Hyper-V role detected

CPU: total 24 (initial active 24) (24 cores per cpu, 2 threads per core) family 26 model 36 stepping 0 microcode 0xb20401b, cx8, cmov, fxsr, ht, mmx, 3dnowpref, sse, sse2, sse3, ssse3, sse4a, sse4.1, sse4.2, popcnt, lzcnt, tsc, tscinvbit, avx, avx2, aes, erms, clmul, bmi1, bmi2, adx, avx512f, avx512dq, avx512cd, avx512bw, avx512vl, sha, fma, vzeroupper, avx512_vpopcntdq, avx512_vpclmulqdq, avx512_vaes, avx512_vnni, clflush, clflushopt, avx512_vbmi2, avx512_vbmi, hv, rdtscp, rdpid, fsrm, gfni, avx512_bitalg, f16c, cet_ss, avx512_ifma
Processor Information for the first 24 processors :
  Max Mhz: 2000, Current Mhz: 2000, Mhz Limit: 2000

Memory: 4k page, system-wide physical 15481M (3117M free)
TotalPageFile size 30841M (AvailPageFile size 14329M)
current process WorkingSet (physical memory assigned to process): 122M, peak: 122M
current process commit charge ("private bytes"): 427M, peak: 427M

vm_info: OpenJDK 64-Bit Server VM (24.0.1+9-30) for windows-amd64 JRE (24.0.1+9-30), built on 2025-03-05T07:23:45Z with MS VC++ 17.6 (VS2022)

END.
