#
# A fatal error has been detected by the Java Runtime Environment:
#
#  EXCEPTION_ACCESS_VIOLATION (0xc0000005) at pc=0x00007fffb1c526c4, pid=12704, tid=18400
#
# JRE version: OpenJDK Runtime Environment (24.0.1+9) (build 24.0.1+9-30)
# Java VM: OpenJDK 64-Bit Server VM (24.0.1+9-30, mixed mode, sharing, tiered, compressed oops, compressed class ptrs, g1 gc, windows-amd64)
# Problematic frame:
# C  [libasyncProfiler.dll+0x926c4]
#
# No core dump will be written. Minidumps are not enabled by default on client versions of Windows
#
# JFR recording file will be written. Location: C:\Users\ToroM\codecool\AdvanceSpring\tw\bar-assistant\backend\hs_err_pid12704.jfr
#
# If you would like to submit a bug report, please visit:
#   https://bugreport.java.com/bugreport/crash.jsp
# The crash happened outside the Java Virtual Machine in native code.
# See problematic frame for where to report the bug.
#

---------------  S U M M A R Y ------------

Command Line: -javaagent:C:\Users\ToroM\AppData\Local\JetBrains\IntelliJIdea2025.1\captureAgent\debugger-agent.jar=file:///C:/Users/ToroM/AppData/Local/Temp/capture4684671477065798982.props -ea -Didea.test.cyclic.buffer.size=1048576 -javaagent:C:\Program Files\JetBrains\IntelliJ IDEA 2025.1.1.1\lib\idea_rt.jar=56032 -Dkotlinx.coroutines.debug.enable.creation.stack.trace=false -Ddebugger.agent.enable.coroutines=true -Dkotlinx.coroutines.debug.enable.flows.stack.trace=true -Dkotlinx.coroutines.debug.enable.mutable.state.flows.stack.trace=true -agentpath:C:\Users\ToroM\AppData\Local\Temp\idea_libasyncProfiler_dll_temp_folder5220\libasyncProfiler.dll=start,jfr,event=wall,interval=10ms,jfrsync=profile,cstack=no,file=C:\Users\ToroM\IdeaSnapshots\service_in_backend_2025_06_26_133856.jfr,dbghelppath=C:\Users\ToroM\AppData\Local\Temp\idea_dbghelp_dll_temp_folder6\dbghelp.dll,log=C:\Users\ToroM\AppData\Local\Temp\service_in_backend_2025_06_26_133856.jfr.log.txt,logLevel=DEBUG -Dfile.encoding=UTF-8 -Dsun.stdout.encoding=UTF-8 -Dsun.stderr.encoding=UTF-8 com.intellij.rt.junit.JUnitStarter -ideVersion5 -junit5 @w@C:\Users\ToroM\AppData\Local\Temp\idea_working_dirs_junit.tmp @C:\Users\ToroM\AppData\Local\Temp\idea_junit.tmp -socket56031

Host: AMD Ryzen AI 9 HX 370 w/ Radeon 890M           , 24 cores, 15G,  Windows 11 , 64 bit Build 26100 (10.0.26100.4202)
Time: Thu Jun 26 13:38:57 2025 Közép-európai nyári iduild 26100 (10.0.26100.4202) elapsed time: 0.466915 seconds (0d 0h 0m 0s)

---------------  T H R E A D  ---------------

Current thread (0x0000022b54b24fa0):  JavaThread "main"             [_thread_in_native, id=18400, stack(0x0000007535f00000,0x0000007536000000) (1024K)]

Stack: [0x0000007535f00000,0x0000007536000000],  sp=0x0000007535ffe750,  free space=1017k
Native frames: (J=compiled Java code, j=interpreted, Vv=VM code, C=native code)
C  [libasyncProfiler.dll+0x926c4]  (no source info available)
C  [libasyncProfiler.dll+0x92b9b]  (no source info available)
C  [libasyncProfiler.dll+0x917f4]  (no source info available)
C  [libasyncProfiler.dll+0x9206a]  (no source info available)
C  [libasyncProfiler.dll+0x8cc21]  (no source info available)
C  [libasyncProfiler.dll+0x7e5e1]  (no source info available)
C  [libasyncProfiler.dll+0x7d2f8]  (no source info available)
C  [libasyncProfiler.dll+0x7d1e0]  (no source info available)
C  [libasyncProfiler.dll+0x832fc]  (no source info available)
V  [jvm.dll+0x5e38de]  (no source info available)
V  [jvm.dll+0x886056]  (no source info available)
V  [jvm.dll+0x495f3e]  (no source info available)
V  [jvm.dll+0x497d11]  (no source info available)
C  [jli.dll+0x52a1]  (no source info available)
C  [ucrtbase.dll+0x37b0]  (no source info available)
C  [KERNEL32.DLL+0x2e8d7]  (no source info available)
C  [ntdll.dll+0x3c34c]  (no source info available)


siginfo: EXCEPTION_ACCESS_VIOLATION (0xc0000005), reading address 0xffffffffffffffff


Registers:
RAX=0x0000000000000010, RBX=0x0000000000000000, RCX=0xffffffffffffffff, RDX=0x007fffd76e300010
RSP=0x0000007535ffe750, RBP=0x0000022b452403c0, RSI=0x0000007535ffe8c0, RDI=0x0000022b452403c0
R8 =0x0000000000000042, R9 =0x000000071d001ed8, R10=0x00007fffd7959fb0, R11=0x0000000000000004
R12=0x0000007535ffe8c0, R13=0x0000022b54b206f0, R14=0x0000022b54b25368, R15=0x0000022b54b25368
RIP=0x00007fffb1c526c4, EFLAGS=0x0000000000010202

XMM[0]=0x0000000000000000 0x0000000000000000
XMM[1]=0x0000000000000000 0x0000000000000000
XMM[2]=0x0000000000000000 0x0000000000000000
XMM[3]=0x0000000000000000 0x0000000000000000
XMM[4]=0x0000000000000000 0x0000000000000000
XMM[5]=0x0000000000000000 0x0000000000000000
XMM[6]=0x0000000000000000 0x0000000000000000
XMM[7]=0x0000000000000000 0x0000000000000000
XMM[8]=0x0000000000000000 0x0000000000000000
XMM[9]=0x0000000000000000 0x0000000000000000
XMM[10]=0x0000000000000000 0x0000000000000000
XMM[11]=0x0000000000000000 0x0000000000000000
XMM[12]=0x0000000000000000 0x0000000000000000
XMM[13]=0x0000000000000000 0x0000000000000000
XMM[14]=0x0000000000000000 0x0000000000000000
XMM[15]=0x0000000000000000 0x0000000000000000
  MXCSR=0x00001fa0


Register to memory mapping:

RAX=0x0000000000000010 is an unknown value
RBX=0x0 is null
RCX=0xffffffffffffffff is an unknown value
RDX=0x007fffd76e300010 is an unknown value
RSP=0x0000007535ffe750 is pointing into the stack for thread: 0x0000022b54b24fa0
RBP=0x0000022b452403c0 points into unknown readable memory: 0x000000071d001ed8 | d8 1e 00 1d 07 00 00 00
RSI=0x0000007535ffe8c0 is pointing into the stack for thread: 0x0000022b54b24fa0
RDI=0x0000022b452403c0 points into unknown readable memory: 0x000000071d001ed8 | d8 1e 00 1d 07 00 00 00
R8 =0x0000000000000042 is an unknown value
R9 =0x000000071d001ed8 is an oop: java.lang.Thread 
{0x000000071d001ed8} - klass: 'java/lang/Thread' - flags: 

 - ---- fields (total size 14 words):
 - 'threadLocalRandomProbe' 'I' @12  0 (0x00000000)
 - private volatile 'eetop' 'J' @16  2385127821216 (0x0000022b54b24fa0)
 - private final 'tid' 'J' @24  3 (0x0000000000000003)
 - 'threadLocalRandomSeed' 'J' @32  0 (0x0000000000000000)
 - injected 'jvmti_thread_state' 'J' @40  2385687842016 (0x0000022b76138ce0)
 - 'threadLocalRandomSecondarySeed' 'I' @48  0 (0x00000000)
 - injected 'jvmti_VTMS_transition_disable_count' 'I' @52  0 (0x00000000)
 - injected 'jfr_epoch' 'S' @56  0 (0x0000)
 - volatile 'interrupted' 'Z' @58  false (0x00)
 - injected 'jvmti_is_in_VTMS_transition' 'Z' @59  false (0x00)
 - private volatile 'name' 'Ljava/lang/String;' @60  "main"{0x000000071d001f48} (0xe3a003e9)
 - private volatile 'contextClassLoader' 'Ljava/lang/ClassLoader;' @64  a 'jdk/internal/loader/ClassLoaders$AppClassLoader'{0x000000071d0459e0} (0xe3a08b3c)
 - private final 'holder' 'Ljava/lang/Thread$FieldHolder;' @68  a 'java/lang/Thread$FieldHolder'{0x000000071d001f88} (0xe3a003f1)
 - 'threadLocals' 'Ljava/lang/ThreadLocal$ThreadLocalMap;' @72  a 'java/lang/ThreadLocal$ThreadLocalMap'{0x000000071cc2f5e8} (0xe3985ebd)
 - 'inheritableThreadLocals' 'Ljava/lang/ThreadLocal$ThreadLocalMap;' @76  null (0x00000000)
 - private 'scopedValueBindings' 'Ljava/lang/Object;' @80  a 'java/lang/Class'{0x00000007ffe7c258} = 'java/lang/Thread' (0xfffcf84b)
 - final 'interruptLock' 'Ljava/lang/Object;' @84  a 'java/lang/Object'{0x000000071d001f78} (0xe3a003ef)
 - private volatile 'parkBlocker' 'Ljava/lang/Object;' @88  null (0x00000000)
 - private 'nioBlocker' 'Lsun/nio/ch/Interruptible;' @92  null (0x00000000)
 - private 'cont' 'Ljdk/internal/vm/Continuation;' @96  null (0x00000000)
 - private volatile 'uncaughtExceptionHandler' 'Ljava/lang/Thread$UncaughtExceptionHandler;' @100  null (0x00000000)
 - private 'container' 'Ljdk/internal/vm/ThreadContainer;' @104  null (0x00000000)
 - private volatile 'headStackableScopes' 'Ljdk/internal/vm/StackableScope;' @108  null (0x00000000)
R10=0x00007fffd7959fb0 jvm.dll
R11=0x0000000000000004 is an unknown value
R12=0x0000007535ffe8c0 is pointing into the stack for thread: 0x0000022b54b24fa0
R13=0x0000022b54b206f0 points into unknown readable memory: 0x00007fffd78ca510 | 10 a5 8c d7 ff 7f 00 00
R14=0x0000022b54b25368 points into unknown readable memory: 0x00007fffd78c17b0 | b0 17 8c d7 ff 7f 00 00
R15=0x0000022b54b25368 points into unknown readable memory: 0x00007fffd78c17b0 | b0 17 8c d7 ff 7f 00 00

Top of Stack: (sp=0x0000007535ffe750)
0x0000007535ffe750:   0000007535ffe8c0 0000022b452403c0   ...5u.....$E+...
0x0000007535ffe760:   0000000000000000 0000022b54bce130   ........0..T+...
0x0000007535ffe770:   0000000000000020 00007fffb1c52b9b    ........+......
0x0000007535ffe780:   0000000000000000 0000022b54b25368   ........hS.T+...
0x0000007535ffe790:   0000007535ffe801 0000000000000000   ...5u...........
0x0000007535ffe7a0:   0000022b47079f50 00007fffb1c517f4   P..G+...........
0x0000007535ffe7b0:   0000000000000000 0000000000000020   ........ .......
0x0000007535ffe7c0:   0000000000000000 0000000000000020   ........ .......
0x0000007535ffe7d0:   0000000a00000002 0000022b47124650   ........PF.G+...
0x0000007535ffe7e0:   0000022b47079f50 0000022b47079fd0   P..G+......G+...
0x0000007535ffe7f0:   0000022b47079ff8 0000000000005bf4   ...G+....[......
0x0000007535ffe800:   0000000000000000 0000000000000000   ................
0x0000007535ffe810:   0000000000000000 00007fffd71257d4   .........W......
0x0000007535ffe820:   00007fffb1d94ca0 00000000000031a0   .L.......1......
0x0000007535ffe830:   00007fffb1d94ca0 00000000ffffffff   .L..............
0x0000007535ffe840:   0000000000000000 00007fffb1c5206a   ........j ......
0x0000007535ffe850:   0000022b54b25368 0000000000000000   hS.T+...........
0x0000007535ffe860:   0000007535ffe8c9 0000022b54b206f0   ...5u......T+...
0x0000007535ffe870:   0000022b478dd040 0000022b52620000   @..G+.....bR+...
0x0000007535ffe880:   0000022b478dd040 00007ff84df3fc09   @..G+......M....
0x0000007535ffe890:   0000022b54b25368 00007fffb1d94ca0   hS.T+....L......
0x0000007535ffe8a0:   00007fffb1d3f0d8 00007fffb1d3f0c8   ................
0x0000007535ffe8b0:   0000000000000000 0000022b54b25368   ........hS.T+...
0x0000007535ffe8c0:   0000022b455db1e0 0000022b455db5e0   ..]E+.....]E+...
0x0000007535ffe8d0:   0000022b455db5e0 00007fffb1d94ca0   ..]E+....L......
0x0000007535ffe8e0:   0000022b54b3aea8 0000007535ffea58   ...T+...X..5u...
0x0000007535ffe8f0:   0000007535ffeb90 0000000000008840   ...5u...@.......
0x0000007535ffe900:   00007fffb1d87080 00007fffb1d94cf0   .p.......L......
0x0000007535ffe910:   0000000000989680 0000000000989680   ................
0x0000007535ffe920:   0000007535ffea30 00007fffb1c4cc21   0..5u...!.......
0x0000007535ffe930:   00007fffb1d94ca0 00007fffb1d94cf8   .L.......L......
0x0000007535ffe940:   00007fff00000000 003c79db00000001   .............y<.

Instructions: (pc=0x00007fffb1c526c4)
  0x00007fffb1c525c4:   cc cc cc cc cc cc cc cc cc cc cc cc cc cc cc cc
  0x00007fffb1c525d4:   cc cc cc cc cc cc cc cc cc cc cc cc cc cc cc cc
  0x00007fffb1c525e4:   cc cc cc cc cc cc cc cc cc cc cc cc cc cc cc cc
  0x00007fffb1c525f4:   cc cc cc cc cc cc cc cc cc cc cc cc cc cc cc cc
  0x00007fffb1c52604:   cc cc cc cc cc cc cc cc cc cc cc cc cc cc cc cc
  0x00007fffb1c52614:   cc cc cc cc cc cc cc cc cc cc cc cc cc cc cc cc
  0x00007fffb1c52624:   cc cc cc cc cc cc cc cc cc cc cc cc cc cc cc cc
  0x00007fffb1c52634:   cc cc cc cc cc cc cc cc cc cc cc cc cc cc cc cc
  0x00007fffb1c52644:   cc cc cc cc cc cc cc cc cc cc cc cc 40 57 48 83
  0x00007fffb1c52654:   ec 20 48 8b f9 48 8b 0d 10 28 14 00 48 85 c9 74
  0x00007fffb1c52664:   20 48 8b 01 48 8d 54 24 38 41 b8 06 00 01 00 4c
  0x00007fffb1c52674:   8b 48 30 41 ff d1 85 c0 75 07 48 8b 4c 24 38 eb
  0x00007fffb1c52684:   02 33 c9 4c 8b 05 ea 28 14 00 48 89 5c 24 30 4d
  0x00007fffb1c52694:   85 c0 74 4a 48 8b 01 48 8b d7 4c 8b 88 28 03 00
  0x00007fffb1c526a4:   00 41 ff d1 48 85 c0 74 35 48 63 0d f8 e6 13 00
  0x00007fffb1c526b4:   48 8b 14 01 48 85 d2 74 15 48 63 05 fc e6 13 00
=>0x00007fffb1c526c4:   8b 04 10 48 8b 5c 24 30 48 83 c4 20 5f c3 b8 ff
  0x00007fffb1c526d4:   ff ff ff 48 8b 5c 24 30 48 83 c4 20 5f c3 80 3d
  0x00007fffb1c526e4:   9b 27 14 00 00 bb ff ff ff ff 74 20 4c 8b 0d 31
  0x00007fffb1c526f4:   24 14 00 4c 8d 44 24 38 48 8b 0d 15 24 14 00 48
  0x00007fffb1c52704:   8b d7 41 ff d1 85 c0 0f 44 5c 24 38 8b c3 48 8b
  0x00007fffb1c52714:   5c 24 30 48 83 c4 20 5f c3 cc cc cc cc cc cc cc
  0x00007fffb1c52724:   cc cc cc cc cc cc cc cc cc cc cc cc cc cc cc cc
  0x00007fffb1c52734:   cc cc cc cc cc cc cc cc cc cc cc cc cc cc cc cc
  0x00007fffb1c52744:   cc cc cc cc cc cc cc cc cc cc cc cc 48 89 54 24
  0x00007fffb1c52754:   10 53 55 56 57 41 56 41 57 48 83 ec 28 48 8b f2
  0x00007fffb1c52764:   4c 8b f1 48 89 4c 24 78 45 33 ff 44 89 7c 24 68
  0x00007fffb1c52774:   c7 44 24 60 01 00 00 00 48 8d 4c 24 68 e8 ed 42
  0x00007fffb1c52784:   f7 ff 8b d8 48 8d 4c 24 60 e8 e1 42 f7 ff 8b e8
  0x00007fffb1c52794:   49 8b ce e8 00 fc f6 ff 48 8b f8 90 8b c3 f0 0f
  0x00007fffb1c527a4:   b1 2f 74 04 f3 90 eb f4 4c 89 3e 4c 89 7e 08 4c
  0x00007fffb1c527b4:   89 7e 10 49 8b 6e 08 4d 8b 76 10 49 3b ee 0f 84


Stack slot to memory mapping:

stack at sp + 0 slots: 0x0000007535ffe8c0 is pointing into the stack for thread: 0x0000022b54b24fa0
stack at sp + 1 slots: 0x0000022b452403c0 points into unknown readable memory: 0x000000071d001ed8 | d8 1e 00 1d 07 00 00 00
stack at sp + 2 slots: 0x0 is null
stack at sp + 3 slots: 0x0000022b54bce130 points into unknown readable memory: 0x6e616c2e6176616a | 6a 61 76 61 2e 6c 61 6e
stack at sp + 4 slots: 0x0000000000000020 is an unknown value
stack at sp + 5 slots: 0x00007fffb1c52b9b libasyncProfiler.dll
stack at sp + 6 slots: 0x0 is null
stack at sp + 7 slots: 0x0000022b54b25368 points into unknown readable memory: 0x00007fffd78c17b0 | b0 17 8c d7 ff 7f 00 00

Lock stack of current Java thread (top to bottom):


---------------  P R O C E S S  ---------------

Threads class SMR info:
_java_thread_list=0x0000022b47198230, length=21, elements={
0x0000022b54b24fa0, 0x0000022b7602b4f0, 0x0000022b7602bc30, 0x0000022b76032b60,
0x0000022b760336e0, 0x0000022b76035420, 0x0000022b76036a10, 0x0000022b76072ce0,
0x0000022b760757e0, 0x0000022b76076700, 0x0000022b760748c0, 0x0000022b76077db0,
0x0000022b76075050, 0x0000022b76035b70, 0x0000022b76034580, 0x0000022b76034cd0,
0x0000022b76076e90, 0x0000022b453cbd70, 0x0000022b45eda750, 0x0000022b45edbe00,
0x0000022b453c9190
}

Java Threads: ( => current thread )
=>0x0000022b54b24fa0 JavaThread "main"                              [_thread_in_native, id=18400, stack(0x0000007535f00000,0x0000007536000000) (1024K)]
  0x0000022b7602b4f0 JavaThread "Reference Handler"          daemon [_thread_blocked, id=22948, stack(0x0000007536700000,0x0000007536800000) (1024K)]
  0x0000022b7602bc30 JavaThread "Finalizer"                  daemon [_thread_blocked, id=25044, stack(0x0000007536800000,0x0000007536900000) (1024K)]
  0x0000022b76032b60 JavaThread "Signal Dispatcher"          daemon [_thread_blocked, id=27000, stack(0x0000007536900000,0x0000007536a00000) (1024K)]
  0x0000022b760336e0 JavaThread "Attach Listener"            daemon [_thread_blocked, id=10712, stack(0x0000007536a00000,0x0000007536b00000) (1024K)]
  0x0000022b76035420 JavaThread "Service Thread"             daemon [_thread_blocked, id=26692, stack(0x0000007536b00000,0x0000007536c00000) (1024K)]
  0x0000022b76036a10 JavaThread "Monitor Deflation Thread"   daemon [_thread_blocked, id=9452, stack(0x0000007536c00000,0x0000007536d00000) (1024K)]
  0x0000022b76072ce0 JavaThread "C2 CompilerThread0"         daemon [_thread_blocked, id=25424, stack(0x0000007536d00000,0x0000007536e00000) (1024K)]
  0x0000022b760757e0 JavaThread "C1 CompilerThread0"         daemon [_thread_blocked, id=1540, stack(0x0000007536e00000,0x0000007536f00000) (1024K)]
  0x0000022b76076700 JavaThread "C1 CompilerThread1"         daemon [_thread_blocked, id=27532, stack(0x0000007536f00000,0x0000007537000000) (1024K)]
  0x0000022b760748c0 JavaThread "C1 CompilerThread2"         daemon [_thread_blocked, id=27960, stack(0x0000007537000000,0x0000007537100000) (1024K)]
  0x0000022b76077db0 JavaThread "C1 CompilerThread3"         daemon [_thread_blocked, id=18180, stack(0x0000007537100000,0x0000007537200000) (1024K)]
  0x0000022b76075050 JavaThread "C2 CompilerThread1"         daemon [_thread_in_native, id=3800, stack(0x0000007537200000,0x0000007537300000) (1024K)]
  0x0000022b76035b70 JavaThread "Common-Cleaner"             daemon [_thread_blocked, id=17044, stack(0x0000007537300000,0x0000007537400000) (1024K)]
  0x0000022b76034580 JavaThread "IntelliJ Suspend Helper"    daemon [_thread_blocked, id=26900, stack(0x0000007537400000,0x0000007537500000) (1024K)]
  0x0000022b76034cd0 JavaThread "Monitor Ctrl-Break"         daemon [_thread_in_native, id=28416, stack(0x0000007537500000,0x0000007537600000) (1024K)]
  0x0000022b76076e90 JavaThread "C2 CompilerThread2"         daemon [_thread_blocked, id=4444, stack(0x0000007537600000,0x0000007537700000) (1024K)]
  0x0000022b453cbd70 JavaThread "JFR Recorder Thread"        daemon [_thread_in_native, id=18928, stack(0x0000007537700000,0x0000007537800000) (1024K)]
  0x0000022b45eda750 JavaThread "C2 CompilerThread3"         daemon [_thread_blocked, id=26564, stack(0x0000007537800000,0x0000007537900000) (1024K)]
  0x0000022b45edbe00 JavaThread "C2 CompilerThread4"         daemon [_thread_blocked, id=24728, stack(0x0000007537900000,0x0000007537a00000) (1024K)]
  0x0000022b453c9190 JavaThread "JFR Periodic Tasks"         daemon [_thread_blocked, id=23540, stack(0x0000007537a00000,0x0000007537b00000) (1024K)]
Total: 21

Other Threads:
  0x0000022b76016ba0 VMThread "VM Thread"                           [id=1568, stack(0x0000007536600000,0x0000007536700000) (1024K)]
  0x0000022b76004070 WatcherThread "VM Periodic Task Thread"        [id=27588, stack(0x0000007536500000,0x0000007536600000) (1024K)]
  0x0000022b547218b0 WorkerThread "GC Thread#0"                     [id=10584, stack(0x0000007536000000,0x0000007536100000) (1024K)]
  0x0000022b54735690 ConcurrentGCThread "G1 Main Marker"            [id=27484, stack(0x0000007536100000,0x0000007536200000) (1024K)]
  0x0000022b5473a140 WorkerThread "G1 Conc#0"                       [id=14760, stack(0x0000007536200000,0x0000007536300000) (1024K)]
  0x0000022b54834760 ConcurrentGCThread "G1 Refine#0"               [id=20580, stack(0x0000007536300000,0x0000007536400000) (1024K)]
  0x0000022b548350f0 ConcurrentGCThread "G1 Service"                [id=10164, stack(0x0000007536400000,0x0000007536500000) (1024K)]
Total: 7

Threads with active compile tasks:
C2 CompilerThread1  507 1513       4       jdk.jfr.internal.MetadataWriter::write (168 bytes)
Total: 1

VM state: not at safepoint (normal execution)

VM Mutex/Monitor currently owned by a thread: None

Heap address: 0x000000070e000000, size: 3872 MB, Compressed Oops mode: Zero based, Oop shift amount: 3

CDS archive(s) mapped at: [0x0000022b00000000-0x0000022b00d40000-0x0000022b00d40000), size 13893632, SharedBaseAddress: 0x0000022b00000000, ArchiveRelocationMode: 1.
Compressed class space mapped at: 0x0000022b01000000-0x0000022b41000000, reserved size: 1073741824
UseCompressedClassPointers 1, UseCompactObjectHeaders 0
Narrow klass pointer bits 32, Max shift 3
Narrow klass base: 0x0000022b00000000, Narrow klass shift: 0
Encoding Range: [0x0000022b00000000 - 0x0000022c00000000), (4294967296 bytes)
Klass Range:    [0x0000022b00000000 - 0x0000022b41000000), (1090519040 bytes)
Klass ID Range:  [8 - 1090519033) (1090519025)

GC Precious Log:
 CardTable entry size: 512
 Card Set container configuration: InlinePtr #cards 4 size 8 Array Of Cards #cards 16 size 48 Howl #buckets 8 coarsen threshold 3686 Howl Bitmap #cards 512 size 80 coarsen threshold 460 Card regions per heap region 1 cards per card region 4096
 CPUs: 24 total, 24 available
 Memory: 15481M
 Large Page Support: Disabled
 NUMA Support: Disabled
 Compressed Oops: Enabled (Zero based)
 Heap Region Size: 2M
 Heap Min Capacity: 8M
 Heap Initial Capacity: 242M
 Heap Max Capacity: 3872M
 Pre-touch: Disabled
 Parallel Workers: 18
 Concurrent Workers: 5
 Concurrent Refinement Workers: 18
 Periodic GC: Disabled

Heap:
 garbage-first heap   total reserved 3964928K, committed 249856K, used 27760K [0x000000070e000000, 0x0000000800000000)
  region size 2048K, 15 young (30720K), 0 survivors (0K)
 Metaspace       used 6796K, committed 6976K, reserved 1114112K
  class space    used 539K, committed 640K, reserved 1048576K

Heap Regions: E=young(eden), S=young(survivor), O=old, HS=humongous(starts), HC=humongous(continues), CS=collection set, F=free, TAMS=top-at-mark-start, PB=parsable bottom
|   0|0x000000070e000000, 0x000000070e000000, 0x000000070e200000|  0%| F|  |TAMS 0x000000070e000000| PB 0x000000070e000000| Untracked |  0
|   1|0x000000070e200000, 0x000000070e200000, 0x000000070e400000|  0%| F|  |TAMS 0x000000070e200000| PB 0x000000070e200000| Untracked |  0
|   2|0x000000070e400000, 0x000000070e400000, 0x000000070e600000|  0%| F|  |TAMS 0x000000070e400000| PB 0x000000070e400000| Untracked |  0
|   3|0x000000070e600000, 0x000000070e600000, 0x000000070e800000|  0%| F|  |TAMS 0x000000070e600000| PB 0x000000070e600000| Untracked |  0
|   4|0x000000070e800000, 0x000000070e800000, 0x000000070ea00000|  0%| F|  |TAMS 0x000000070e800000| PB 0x000000070e800000| Untracked |  0
|   5|0x000000070ea00000, 0x000000070ea00000, 0x000000070ec00000|  0%| F|  |TAMS 0x000000070ea00000| PB 0x000000070ea00000| Untracked |  0
|   6|0x000000070ec00000, 0x000000070ec00000, 0x000000070ee00000|  0%| F|  |TAMS 0x000000070ec00000| PB 0x000000070ec00000| Untracked |  0
|   7|0x000000070ee00000, 0x000000070ee00000, 0x000000070f000000|  0%| F|  |TAMS 0x000000070ee00000| PB 0x000000070ee00000| Untracked |  0
|   8|0x000000070f000000, 0x000000070f000000, 0x000000070f200000|  0%| F|  |TAMS 0x000000070f000000| PB 0x000000070f000000| Untracked |  0
|   9|0x000000070f200000, 0x000000070f200000, 0x000000070f400000|  0%| F|  |TAMS 0x000000070f200000| PB 0x000000070f200000| Untracked |  0
|  10|0x000000070f400000, 0x000000070f400000, 0x000000070f600000|  0%| F|  |TAMS 0x000000070f400000| PB 0x000000070f400000| Untracked |  0
|  11|0x000000070f600000, 0x000000070f600000, 0x000000070f800000|  0%| F|  |TAMS 0x000000070f600000| PB 0x000000070f600000| Untracked |  0
|  12|0x000000070f800000, 0x000000070f800000, 0x000000070fa00000|  0%| F|  |TAMS 0x000000070f800000| PB 0x000000070f800000| Untracked |  0
|  13|0x000000070fa00000, 0x000000070fa00000, 0x000000070fc00000|  0%| F|  |TAMS 0x000000070fa00000| PB 0x000000070fa00000| Untracked |  0
|  14|0x000000070fc00000, 0x000000070fc00000, 0x000000070fe00000|  0%| F|  |TAMS 0x000000070fc00000| PB 0x000000070fc00000| Untracked |  0
|  15|0x000000070fe00000, 0x000000070fe00000, 0x0000000710000000|  0%| F|  |TAMS 0x000000070fe00000| PB 0x000000070fe00000| Untracked |  0
|  16|0x0000000710000000, 0x0000000710000000, 0x0000000710200000|  0%| F|  |TAMS 0x0000000710000000| PB 0x0000000710000000| Untracked |  0
|  17|0x0000000710200000, 0x0000000710200000, 0x0000000710400000|  0%| F|  |TAMS 0x0000000710200000| PB 0x0000000710200000| Untracked |  0
|  18|0x0000000710400000, 0x0000000710400000, 0x0000000710600000|  0%| F|  |TAMS 0x0000000710400000| PB 0x0000000710400000| Untracked |  0
|  19|0x0000000710600000, 0x0000000710600000, 0x0000000710800000|  0%| F|  |TAMS 0x0000000710600000| PB 0x0000000710600000| Untracked |  0
|  20|0x0000000710800000, 0x0000000710800000, 0x0000000710a00000|  0%| F|  |TAMS 0x0000000710800000| PB 0x0000000710800000| Untracked |  0
|  21|0x0000000710a00000, 0x0000000710a00000, 0x0000000710c00000|  0%| F|  |TAMS 0x0000000710a00000| PB 0x0000000710a00000| Untracked |  0
|  22|0x0000000710c00000, 0x0000000710c00000, 0x0000000710e00000|  0%| F|  |TAMS 0x0000000710c00000| PB 0x0000000710c00000| Untracked |  0
|  23|0x0000000710e00000, 0x0000000710e00000, 0x0000000711000000|  0%| F|  |TAMS 0x0000000710e00000| PB 0x0000000710e00000| Untracked |  0
|  24|0x0000000711000000, 0x0000000711000000, 0x0000000711200000|  0%| F|  |TAMS 0x0000000711000000| PB 0x0000000711000000| Untracked |  0
|  25|0x0000000711200000, 0x0000000711200000, 0x0000000711400000|  0%| F|  |TAMS 0x0000000711200000| PB 0x0000000711200000| Untracked |  0
|  26|0x0000000711400000, 0x0000000711400000, 0x0000000711600000|  0%| F|  |TAMS 0x0000000711400000| PB 0x0000000711400000| Untracked |  0
|  27|0x0000000711600000, 0x0000000711600000, 0x0000000711800000|  0%| F|  |TAMS 0x0000000711600000| PB 0x0000000711600000| Untracked |  0
|  28|0x0000000711800000, 0x0000000711800000, 0x0000000711a00000|  0%| F|  |TAMS 0x0000000711800000| PB 0x0000000711800000| Untracked |  0
|  29|0x0000000711a00000, 0x0000000711a00000, 0x0000000711c00000|  0%| F|  |TAMS 0x0000000711a00000| PB 0x0000000711a00000| Untracked |  0
|  30|0x0000000711c00000, 0x0000000711c00000, 0x0000000711e00000|  0%| F|  |TAMS 0x0000000711c00000| PB 0x0000000711c00000| Untracked |  0
|  31|0x0000000711e00000, 0x0000000711e00000, 0x0000000712000000|  0%| F|  |TAMS 0x0000000711e00000| PB 0x0000000711e00000| Untracked |  0
|  32|0x0000000712000000, 0x0000000712000000, 0x0000000712200000|  0%| F|  |TAMS 0x0000000712000000| PB 0x0000000712000000| Untracked |  0
|  33|0x0000000712200000, 0x0000000712200000, 0x0000000712400000|  0%| F|  |TAMS 0x0000000712200000| PB 0x0000000712200000| Untracked |  0
|  34|0x0000000712400000, 0x0000000712400000, 0x0000000712600000|  0%| F|  |TAMS 0x0000000712400000| PB 0x0000000712400000| Untracked |  0
|  35|0x0000000712600000, 0x0000000712600000, 0x0000000712800000|  0%| F|  |TAMS 0x0000000712600000| PB 0x0000000712600000| Untracked |  0
|  36|0x0000000712800000, 0x0000000712800000, 0x0000000712a00000|  0%| F|  |TAMS 0x0000000712800000| PB 0x0000000712800000| Untracked |  0
|  37|0x0000000712a00000, 0x0000000712a00000, 0x0000000712c00000|  0%| F|  |TAMS 0x0000000712a00000| PB 0x0000000712a00000| Untracked |  0
|  38|0x0000000712c00000, 0x0000000712c00000, 0x0000000712e00000|  0%| F|  |TAMS 0x0000000712c00000| PB 0x0000000712c00000| Untracked |  0
|  39|0x0000000712e00000, 0x0000000712e00000, 0x0000000713000000|  0%| F|  |TAMS 0x0000000712e00000| PB 0x0000000712e00000| Untracked |  0
|  40|0x0000000713000000, 0x0000000713000000, 0x0000000713200000|  0%| F|  |TAMS 0x0000000713000000| PB 0x0000000713000000| Untracked |  0
|  41|0x0000000713200000, 0x0000000713200000, 0x0000000713400000|  0%| F|  |TAMS 0x0000000713200000| PB 0x0000000713200000| Untracked |  0
|  42|0x0000000713400000, 0x0000000713400000, 0x0000000713600000|  0%| F|  |TAMS 0x0000000713400000| PB 0x0000000713400000| Untracked |  0
|  43|0x0000000713600000, 0x0000000713600000, 0x0000000713800000|  0%| F|  |TAMS 0x0000000713600000| PB 0x0000000713600000| Untracked |  0
|  44|0x0000000713800000, 0x0000000713800000, 0x0000000713a00000|  0%| F|  |TAMS 0x0000000713800000| PB 0x0000000713800000| Untracked |  0
|  45|0x0000000713a00000, 0x0000000713a00000, 0x0000000713c00000|  0%| F|  |TAMS 0x0000000713a00000| PB 0x0000000713a00000| Untracked |  0
|  46|0x0000000713c00000, 0x0000000713c00000, 0x0000000713e00000|  0%| F|  |TAMS 0x0000000713c00000| PB 0x0000000713c00000| Untracked |  0
|  47|0x0000000713e00000, 0x0000000713e00000, 0x0000000714000000|  0%| F|  |TAMS 0x0000000713e00000| PB 0x0000000713e00000| Untracked |  0
|  48|0x0000000714000000, 0x0000000714000000, 0x0000000714200000|  0%| F|  |TAMS 0x0000000714000000| PB 0x0000000714000000| Untracked |  0
|  49|0x0000000714200000, 0x0000000714200000, 0x0000000714400000|  0%| F|  |TAMS 0x0000000714200000| PB 0x0000000714200000| Untracked |  0
|  50|0x0000000714400000, 0x0000000714400000, 0x0000000714600000|  0%| F|  |TAMS 0x0000000714400000| PB 0x0000000714400000| Untracked |  0
|  51|0x0000000714600000, 0x0000000714600000, 0x0000000714800000|  0%| F|  |TAMS 0x0000000714600000| PB 0x0000000714600000| Untracked |  0
|  52|0x0000000714800000, 0x0000000714800000, 0x0000000714a00000|  0%| F|  |TAMS 0x0000000714800000| PB 0x0000000714800000| Untracked |  0
|  53|0x0000000714a00000, 0x0000000714a00000, 0x0000000714c00000|  0%| F|  |TAMS 0x0000000714a00000| PB 0x0000000714a00000| Untracked |  0
|  54|0x0000000714c00000, 0x0000000714c00000, 0x0000000714e00000|  0%| F|  |TAMS 0x0000000714c00000| PB 0x0000000714c00000| Untracked |  0
|  55|0x0000000714e00000, 0x0000000714e00000, 0x0000000715000000|  0%| F|  |TAMS 0x0000000714e00000| PB 0x0000000714e00000| Untracked |  0
|  56|0x0000000715000000, 0x0000000715000000, 0x0000000715200000|  0%| F|  |TAMS 0x0000000715000000| PB 0x0000000715000000| Untracked |  0
|  57|0x0000000715200000, 0x0000000715200000, 0x0000000715400000|  0%| F|  |TAMS 0x0000000715200000| PB 0x0000000715200000| Untracked |  0
|  58|0x0000000715400000, 0x0000000715400000, 0x0000000715600000|  0%| F|  |TAMS 0x0000000715400000| PB 0x0000000715400000| Untracked |  0
|  59|0x0000000715600000, 0x0000000715600000, 0x0000000715800000|  0%| F|  |TAMS 0x0000000715600000| PB 0x0000000715600000| Untracked |  0
|  60|0x0000000715800000, 0x0000000715800000, 0x0000000715a00000|  0%| F|  |TAMS 0x0000000715800000| PB 0x0000000715800000| Untracked |  0
|  61|0x0000000715a00000, 0x0000000715a00000, 0x0000000715c00000|  0%| F|  |TAMS 0x0000000715a00000| PB 0x0000000715a00000| Untracked |  0
|  62|0x0000000715c00000, 0x0000000715c00000, 0x0000000715e00000|  0%| F|  |TAMS 0x0000000715c00000| PB 0x0000000715c00000| Untracked |  0
|  63|0x0000000715e00000, 0x0000000715e00000, 0x0000000716000000|  0%| F|  |TAMS 0x0000000715e00000| PB 0x0000000715e00000| Untracked |  0
|  64|0x0000000716000000, 0x0000000716000000, 0x0000000716200000|  0%| F|  |TAMS 0x0000000716000000| PB 0x0000000716000000| Untracked |  0
|  65|0x0000000716200000, 0x0000000716200000, 0x0000000716400000|  0%| F|  |TAMS 0x0000000716200000| PB 0x0000000716200000| Untracked |  0
|  66|0x0000000716400000, 0x0000000716400000, 0x0000000716600000|  0%| F|  |TAMS 0x0000000716400000| PB 0x0000000716400000| Untracked |  0
|  67|0x0000000716600000, 0x0000000716600000, 0x0000000716800000|  0%| F|  |TAMS 0x0000000716600000| PB 0x0000000716600000| Untracked |  0
|  68|0x0000000716800000, 0x0000000716800000, 0x0000000716a00000|  0%| F|  |TAMS 0x0000000716800000| PB 0x0000000716800000| Untracked |  0
|  69|0x0000000716a00000, 0x0000000716a00000, 0x0000000716c00000|  0%| F|  |TAMS 0x0000000716a00000| PB 0x0000000716a00000| Untracked |  0
|  70|0x0000000716c00000, 0x0000000716c00000, 0x0000000716e00000|  0%| F|  |TAMS 0x0000000716c00000| PB 0x0000000716c00000| Untracked |  0
|  71|0x0000000716e00000, 0x0000000716e00000, 0x0000000717000000|  0%| F|  |TAMS 0x0000000716e00000| PB 0x0000000716e00000| Untracked |  0
|  72|0x0000000717000000, 0x0000000717000000, 0x0000000717200000|  0%| F|  |TAMS 0x0000000717000000| PB 0x0000000717000000| Untracked |  0
|  73|0x0000000717200000, 0x0000000717200000, 0x0000000717400000|  0%| F|  |TAMS 0x0000000717200000| PB 0x0000000717200000| Untracked |  0
|  74|0x0000000717400000, 0x0000000717400000, 0x0000000717600000|  0%| F|  |TAMS 0x0000000717400000| PB 0x0000000717400000| Untracked |  0
|  75|0x0000000717600000, 0x0000000717600000, 0x0000000717800000|  0%| F|  |TAMS 0x0000000717600000| PB 0x0000000717600000| Untracked |  0
|  76|0x0000000717800000, 0x0000000717800000, 0x0000000717a00000|  0%| F|  |TAMS 0x0000000717800000| PB 0x0000000717800000| Untracked |  0
|  77|0x0000000717a00000, 0x0000000717a00000, 0x0000000717c00000|  0%| F|  |TAMS 0x0000000717a00000| PB 0x0000000717a00000| Untracked |  0
|  78|0x0000000717c00000, 0x0000000717c00000, 0x0000000717e00000|  0%| F|  |TAMS 0x0000000717c00000| PB 0x0000000717c00000| Untracked |  0
|  79|0x0000000717e00000, 0x0000000717e00000, 0x0000000718000000|  0%| F|  |TAMS 0x0000000717e00000| PB 0x0000000717e00000| Untracked |  0
|  80|0x0000000718000000, 0x0000000718000000, 0x0000000718200000|  0%| F|  |TAMS 0x0000000718000000| PB 0x0000000718000000| Untracked |  0
|  81|0x0000000718200000, 0x0000000718200000, 0x0000000718400000|  0%| F|  |TAMS 0x0000000718200000| PB 0x0000000718200000| Untracked |  0
|  82|0x0000000718400000, 0x0000000718400000, 0x0000000718600000|  0%| F|  |TAMS 0x0000000718400000| PB 0x0000000718400000| Untracked |  0
|  83|0x0000000718600000, 0x0000000718600000, 0x0000000718800000|  0%| F|  |TAMS 0x0000000718600000| PB 0x0000000718600000| Untracked |  0
|  84|0x0000000718800000, 0x0000000718800000, 0x0000000718a00000|  0%| F|  |TAMS 0x0000000718800000| PB 0x0000000718800000| Untracked |  0
|  85|0x0000000718a00000, 0x0000000718a00000, 0x0000000718c00000|  0%| F|  |TAMS 0x0000000718a00000| PB 0x0000000718a00000| Untracked |  0
|  86|0x0000000718c00000, 0x0000000718c00000, 0x0000000718e00000|  0%| F|  |TAMS 0x0000000718c00000| PB 0x0000000718c00000| Untracked |  0
|  87|0x0000000718e00000, 0x0000000718e00000, 0x0000000719000000|  0%| F|  |TAMS 0x0000000718e00000| PB 0x0000000718e00000| Untracked |  0
|  88|0x0000000719000000, 0x0000000719000000, 0x0000000719200000|  0%| F|  |TAMS 0x0000000719000000| PB 0x0000000719000000| Untracked |  0
|  89|0x0000000719200000, 0x0000000719200000, 0x0000000719400000|  0%| F|  |TAMS 0x0000000719200000| PB 0x0000000719200000| Untracked |  0
|  90|0x0000000719400000, 0x0000000719400000, 0x0000000719600000|  0%| F|  |TAMS 0x0000000719400000| PB 0x0000000719400000| Untracked |  0
|  91|0x0000000719600000, 0x0000000719600000, 0x0000000719800000|  0%| F|  |TAMS 0x0000000719600000| PB 0x0000000719600000| Untracked |  0
|  92|0x0000000719800000, 0x0000000719800000, 0x0000000719a00000|  0%| F|  |TAMS 0x0000000719800000| PB 0x0000000719800000| Untracked |  0
|  93|0x0000000719a00000, 0x0000000719a00000, 0x0000000719c00000|  0%| F|  |TAMS 0x0000000719a00000| PB 0x0000000719a00000| Untracked |  0
|  94|0x0000000719c00000, 0x0000000719c00000, 0x0000000719e00000|  0%| F|  |TAMS 0x0000000719c00000| PB 0x0000000719c00000| Untracked |  0
|  95|0x0000000719e00000, 0x0000000719e00000, 0x000000071a000000|  0%| F|  |TAMS 0x0000000719e00000| PB 0x0000000719e00000| Untracked |  0
|  96|0x000000071a000000, 0x000000071a000000, 0x000000071a200000|  0%| F|  |TAMS 0x000000071a000000| PB 0x000000071a000000| Untracked |  0
|  97|0x000000071a200000, 0x000000071a200000, 0x000000071a400000|  0%| F|  |TAMS 0x000000071a200000| PB 0x000000071a200000| Untracked |  0
|  98|0x000000071a400000, 0x000000071a400000, 0x000000071a600000|  0%| F|  |TAMS 0x000000071a400000| PB 0x000000071a400000| Untracked |  0
|  99|0x000000071a600000, 0x000000071a600000, 0x000000071a800000|  0%| F|  |TAMS 0x000000071a600000| PB 0x000000071a600000| Untracked |  0
| 100|0x000000071a800000, 0x000000071a800000, 0x000000071aa00000|  0%| F|  |TAMS 0x000000071a800000| PB 0x000000071a800000| Untracked |  0
| 101|0x000000071aa00000, 0x000000071aa00000, 0x000000071ac00000|  0%| F|  |TAMS 0x000000071aa00000| PB 0x000000071aa00000| Untracked |  0
| 102|0x000000071ac00000, 0x000000071ac00000, 0x000000071ae00000|  0%| F|  |TAMS 0x000000071ac00000| PB 0x000000071ac00000| Untracked |  0
| 103|0x000000071ae00000, 0x000000071ae00000, 0x000000071b000000|  0%| F|  |TAMS 0x000000071ae00000| PB 0x000000071ae00000| Untracked |  0
| 104|0x000000071b000000, 0x000000071b000000, 0x000000071b200000|  0%| F|  |TAMS 0x000000071b000000| PB 0x000000071b000000| Untracked |  0
| 105|0x000000071b200000, 0x000000071b200000, 0x000000071b400000|  0%| F|  |TAMS 0x000000071b200000| PB 0x000000071b200000| Untracked |  0
| 106|0x000000071b400000, 0x000000071b5ff118, 0x000000071b600000| 99%| E|  |TAMS 0x000000071b400000| PB 0x000000071b400000| Complete |  0
| 107|0x000000071b600000, 0x000000071b800000, 0x000000071b800000|100%| E|CS|TAMS 0x000000071b600000| PB 0x000000071b600000| Complete |  0
| 108|0x000000071b800000, 0x000000071ba00000, 0x000000071ba00000|100%| E|CS|TAMS 0x000000071b800000| PB 0x000000071b800000| Complete |  0
| 109|0x000000071ba00000, 0x000000071bc00000, 0x000000071bc00000|100%| E|CS|TAMS 0x000000071ba00000| PB 0x000000071ba00000| Complete |  0
| 110|0x000000071bc00000, 0x000000071be00000, 0x000000071be00000|100%| E|CS|TAMS 0x000000071bc00000| PB 0x000000071bc00000| Complete |  0
| 111|0x000000071be00000, 0x000000071c000000, 0x000000071c000000|100%| E|CS|TAMS 0x000000071be00000| PB 0x000000071be00000| Complete |  0
| 112|0x000000071c000000, 0x000000071c200000, 0x000000071c200000|100%| E|CS|TAMS 0x000000071c000000| PB 0x000000071c000000| Complete |  0
| 113|0x000000071c200000, 0x000000071c400000, 0x000000071c400000|100%| E|CS|TAMS 0x000000071c200000| PB 0x000000071c200000| Complete |  0
| 114|0x000000071c400000, 0x000000071c600000, 0x000000071c600000|100%| E|CS|TAMS 0x000000071c400000| PB 0x000000071c400000| Complete |  0
| 115|0x000000071c600000, 0x000000071c800000, 0x000000071c800000|100%| E|  |TAMS 0x000000071c600000| PB 0x000000071c600000| Complete |  0
| 116|0x000000071c800000, 0x000000071ca00000, 0x000000071ca00000|100%| E|CS|TAMS 0x000000071c800000| PB 0x000000071c800000| Complete |  0
| 117|0x000000071ca00000, 0x000000071cc00000, 0x000000071cc00000|100%| E|CS|TAMS 0x000000071ca00000| PB 0x000000071ca00000| Complete |  0
| 118|0x000000071cc00000, 0x000000071ce00000, 0x000000071ce00000|100%| E|CS|TAMS 0x000000071cc00000| PB 0x000000071cc00000| Complete |  0
| 119|0x000000071ce00000, 0x000000071d000000, 0x000000071d000000|100%| E|CS|TAMS 0x000000071ce00000| PB 0x000000071ce00000| Complete |  0
| 120|0x000000071d000000, 0x000000071d200000, 0x000000071d200000|100%| E|CS|TAMS 0x000000071d000000| PB 0x000000071d000000| Complete |  0
|1935|0x00000007ffe00000, 0x00000007fff1c288, 0x0000000800000000| 55%| O|  |TAMS 0x00000007ffe00000| PB 0x00000007ffe00000| Untracked |  0

Card table byte_map: [0x0000022b6e680000,0x0000022b6ee10000] _byte_map_base: 0x0000022b6ae10000

Marking Bits: (CMBitMap*) 0x0000022b54721ed0
 Bits: [0x0000022b6ee10000, 0x0000022b72a90000)

Polling page: 0x0000022b52910000

Metaspace:

Usage:
  Non-class:      6.11 MB used.
      Class:    539.08 KB used.
       Both:      6.64 MB used.

Virtual space:
  Non-class space:       64.00 MB reserved,       6.19 MB ( 10%) committed,  1 nodes.
      Class space:        1.00 GB reserved,     640.00 KB ( <1%) committed,  1 nodes.
             Both:        1.06 GB reserved,       6.81 MB ( <1%) committed. 

Chunk freelists:
   Non-Class:  9.00 MB
       Class:  15.24 MB
        Both:  24.24 MB

MaxMetaspaceSize: unlimited
CompressedClassSpaceSize: 1.00 GB
Initial GC threshold: 21.00 MB
Current GC threshold: 21.00 MB
CDS: on
 - commit_granule_bytes: 65536.
 - commit_granule_words: 8192.
 - virtual_space_node_default_size: 8388608.
 - enlarge_chunks_in_place: 1.
UseCompressedClassPointers 1, UseCompactObjectHeaders 0
Narrow klass pointer bits 32, Max shift 3
Narrow klass base: 0x0000022b00000000, Narrow klass shift: 0
Encoding Range: [0x0000022b00000000 - 0x0000022c00000000), (4294967296 bytes)
Klass Range:    [0x0000022b00000000 - 0x0000022b41000000), (1090519040 bytes)
Klass ID Range:  [8 - 1090519033) (1090519025)


Internal statistics:

num_allocs_failed_limit: 0.
num_arena_births: 70.
num_arena_deaths: 0.
num_vsnodes_births: 2.
num_vsnodes_deaths: 0.
num_space_committed: 109.
num_space_uncommitted: 0.
num_chunks_returned_to_freelist: 0.
num_chunks_taken_from_freelist: 86.
num_chunk_merges: 0.
num_chunk_splits: 55.
num_chunks_enlarged: 34.
num_inconsistent_stats: 0.

CodeHeap 'non-profiled nmethods': size=119232Kb used=483Kb max_used=483Kb free=118748Kb
 bounds [0x0000022b65740000, 0x0000022b659b0000, 0x0000022b6cbb0000]
CodeHeap 'profiled nmethods': size=119104Kb used=2241Kb max_used=2241Kb free=116862Kb
 bounds [0x0000022b5dbb0000, 0x0000022b5de20000, 0x0000022b65000000]
CodeHeap 'non-nmethods': size=7424Kb used=3101Kb max_used=3170Kb free=4322Kb
 bounds [0x0000022b65000000, 0x0000022b65320000, 0x0000022b65740000]
CodeCache: size=245760Kb, used=5825Kb, max_used=5894Kb, free=239932Kb
 total_blobs=2021, nmethods=1551, adapters=372, full_count=0
Compilation: enabled, stopped_count=0, restarted_count=0

Compilation events (20 events):
Event: 0.409 Thread 0x0000022b76076700 nmethod 1548 0x0000022b5dddee08 code [0x0000022b5dddef60, 0x0000022b5dddf358]
Event: 0.409 Thread 0x0000022b76077db0 nmethod 1547 0x0000022b5dddf388 code [0x0000022b5dddf4e0, 0x0000022b5dddf970]
Event: 0.409 Thread 0x0000022b760748c0 1552       3       jdk.internal.classfile.impl.Util::writeList (28 bytes)
Event: 0.409 Thread 0x0000022b760757e0 1553       3       jdk.internal.classfile.impl.BufWriterImpl::copyTo (15 bytes)
Event: 0.409 Thread 0x0000022b76076700 1550       1       java.lang.classfile.ClassFile::latestMinorVersion (2 bytes)
Event: 0.409 Thread 0x0000022b76077db0 1551       1       jdk.internal.classfile.impl.DirectClassBuilder::setFlags (6 bytes)
Event: 0.409 Thread 0x0000022b76076700 nmethod 1550 0x0000022b657ae088 code [0x0000022b657ae180, 0x0000022b657ae228]
Event: 0.409 Thread 0x0000022b760757e0 nmethod 1553 0x0000022b5dddfa08 code [0x0000022b5dddfb20, 0x0000022b5dddfd90]
Event: 0.409 Thread 0x0000022b76077db0 nmethod 1551 0x0000022b657ae388 code [0x0000022b657ae480, 0x0000022b657ae548]
Event: 0.409 Thread 0x0000022b760748c0 nmethod 1552 0x0000022b5dddfe08 code [0x0000022b5dddff60, 0x0000022b5dde04d0]
Event: 0.410 Thread 0x0000022b76072ce0 nmethod 1508 0x0000022b657ae688 code [0x0000022b657ae880, 0x0000022b657b0350]
Event: 0.410 Thread 0x0000022b45edbe00 nmethod 1512 0x0000022b657b0408 code [0x0000022b657b0560, 0x0000022b657b0ad0]
Event: 0.411 Thread 0x0000022b45edbe00 1529       4       java.util.HashMap::putVal (300 bytes)
Event: 0.411 Thread 0x0000022b76072ce0 1526       4       java.lang.StringLatin1::indexOf (121 bytes)
Event: 0.411 Thread 0x0000022b76076e90 nmethod 1515 0x0000022b657b0b88 code [0x0000022b657b0ce0, 0x0000022b657b1318]
Event: 0.412 Thread 0x0000022b76076e90 1517       4       java.util.LinkedHashMap::linkNodeAtEnd (76 bytes)
Event: 0.413 Thread 0x0000022b76076e90 nmethod 1517 0x0000022b657b1388 code [0x0000022b657b14a0, 0x0000022b657b19c8]
Event: 0.419 Thread 0x0000022b76072ce0 nmethod 1526 0x0000022b657b1a08 code [0x0000022b657b1b20, 0x0000022b657b2130]
Event: 0.426 Thread 0x0000022b45edbe00 nmethod 1529 0x0000022b657b2188 code [0x0000022b657b23a0, 0x0000022b657b4300]
Event: 0.428 Thread 0x0000022b45eda750 nmethod 1509 0x0000022b657b4408 code [0x0000022b657b4740, 0x0000022b657b8c08]

GC Heap History (0 events):
No events

Dll operation events (9 events):
Event: 0.038 Loaded shared library C:\Users\ToroM\.jdks\openjdk-24.0.1\bin\java.dll
Event: 0.039 Loaded shared library C:\Users\ToroM\.jdks\openjdk-24.0.1\bin\zip.dll
Event: 0.057 Loaded shared library C:\Users\ToroM\.jdks\openjdk-24.0.1\bin\jsvml.dll
Event: 0.098 Loaded shared library C:\Users\ToroM\.jdks\openjdk-24.0.1\bin\instrument.dll
Event: 0.136 Loaded shared library C:\Users\ToroM\.jdks\openjdk-24.0.1\bin\net.dll
Event: 0.137 Loaded shared library C:\Users\ToroM\.jdks\openjdk-24.0.1\bin\nio.dll
Event: 0.141 Loaded shared library C:\Users\ToroM\.jdks\openjdk-24.0.1\bin\zip.dll
Event: 0.156 Loaded shared library C:\Users\ToroM\.jdks\openjdk-24.0.1\bin\extnet.dll
Event: 0.190 Loaded shared library C:\Users\ToroM\.jdks\openjdk-24.0.1\bin\jimage.dll

Deoptimization events (20 events):
Event: 0.376 Thread 0x0000022b54b24fa0 Uncommon trap: trap_request=0xffffffd6 fr.pc=0x0000022b657a0c98 relative=0x00000000000006b8
Event: 0.376 Thread 0x0000022b54b24fa0 Uncommon trap: reason=array_check action=maybe_recompile pc=0x0000022b657a0c98 method=jdk.internal.classfile.impl.SplitConstantPool.internalAdd(Ljava/lang/classfile/constantpool/PoolEntry;I)Ljava/lang/classfile/constantpool/PoolEntry; @ 46 c2
Event: 0.376 Thread 0x0000022b54b24fa0 DEOPT PACKING pc=0x0000022b657a0c98 sp=0x0000007535ffc900
Event: 0.376 Thread 0x0000022b54b24fa0 DEOPT UNPACKING pc=0x0000022b65126d02 sp=0x0000007535ffc8b0 mode 2
Event: 0.376 Thread 0x0000022b54b24fa0 Uncommon trap: trap_request=0xffffffd6 fr.pc=0x0000022b657a0c98 relative=0x00000000000006b8
Event: 0.376 Thread 0x0000022b54b24fa0 Uncommon trap: reason=array_check action=maybe_recompile pc=0x0000022b657a0c98 method=jdk.internal.classfile.impl.SplitConstantPool.internalAdd(Ljava/lang/classfile/constantpool/PoolEntry;I)Ljava/lang/classfile/constantpool/PoolEntry; @ 46 c2
Event: 0.376 Thread 0x0000022b54b24fa0 DEOPT PACKING pc=0x0000022b657a0c98 sp=0x0000007535ffc900
Event: 0.376 Thread 0x0000022b54b24fa0 DEOPT UNPACKING pc=0x0000022b65126d02 sp=0x0000007535ffc8b0 mode 2
Event: 0.376 Thread 0x0000022b54b24fa0 Uncommon trap: trap_request=0xffffffd6 fr.pc=0x0000022b657a0c98 relative=0x00000000000006b8
Event: 0.376 Thread 0x0000022b54b24fa0 Uncommon trap: reason=array_check action=maybe_recompile pc=0x0000022b657a0c98 method=jdk.internal.classfile.impl.SplitConstantPool.internalAdd(Ljava/lang/classfile/constantpool/PoolEntry;I)Ljava/lang/classfile/constantpool/PoolEntry; @ 46 c2
Event: 0.376 Thread 0x0000022b54b24fa0 DEOPT PACKING pc=0x0000022b657a0c98 sp=0x0000007535ffc810
Event: 0.376 Thread 0x0000022b54b24fa0 DEOPT UNPACKING pc=0x0000022b65126d02 sp=0x0000007535ffc7c0 mode 2
Event: 0.376 Thread 0x0000022b54b24fa0 Uncommon trap: trap_request=0xffffffd6 fr.pc=0x0000022b657a0c98 relative=0x00000000000006b8
Event: 0.376 Thread 0x0000022b54b24fa0 Uncommon trap: reason=array_check action=maybe_recompile pc=0x0000022b657a0c98 method=jdk.internal.classfile.impl.SplitConstantPool.internalAdd(Ljava/lang/classfile/constantpool/PoolEntry;I)Ljava/lang/classfile/constantpool/PoolEntry; @ 46 c2
Event: 0.376 Thread 0x0000022b54b24fa0 DEOPT PACKING pc=0x0000022b657a0c98 sp=0x0000007535ffc810
Event: 0.376 Thread 0x0000022b54b24fa0 DEOPT UNPACKING pc=0x0000022b65126d02 sp=0x0000007535ffc7c0 mode 2
Event: 0.388 Thread 0x0000022b54b24fa0 Uncommon trap: trap_request=0xffffff4d fr.pc=0x0000022b6578eb10 relative=0x00000000000000f0
Event: 0.388 Thread 0x0000022b54b24fa0 Uncommon trap: reason=unstable_if action=reinterpret pc=0x0000022b6578eb10 method=java.lang.Long.valueOf(J)Ljava/lang/Long; @ 17 c2
Event: 0.388 Thread 0x0000022b54b24fa0 DEOPT PACKING pc=0x0000022b6578eb10 sp=0x0000007535ffde40
Event: 0.388 Thread 0x0000022b54b24fa0 DEOPT UNPACKING pc=0x0000022b65126d02 sp=0x0000007535ffddd8 mode 2

Classes loaded (20 events):
Event: 0.388 Loading class jdk/jfr/internal/MetadataWriter
Event: 0.388 Loading class jdk/jfr/internal/MetadataWriter done
Event: 0.388 Loading class jdk/jfr/internal/MetadataDescriptor$Element
Event: 0.388 Loading class jdk/jfr/internal/MetadataDescriptor$Element done
Event: 0.388 Loading class jdk/jfr/internal/MetadataDescriptor$Attribute
Event: 0.388 Loading class jdk/jfr/internal/MetadataDescriptor$Attribute done
Event: 0.393 Loading class jdk/jfr/internal/consumer/StringParser$Encoding
Event: 0.393 Loading class jdk/jfr/internal/consumer/StringParser$Encoding done
Event: 0.398 Loading class jdk/jfr/internal/consumer/RepositoryFiles
Event: 0.399 Loading class jdk/jfr/internal/consumer/RepositoryFiles done
Event: 0.402 Loading class jdk/jfr/internal/SettingsManager$InternalSetting
Event: 0.402 Loading class jdk/jfr/internal/SettingsManager$InternalSetting done
Event: 0.403 Loading class jdk/jfr/internal/util/Rate
Event: 0.403 Loading class jdk/jfr/internal/util/Rate done
Event: 0.404 Loading class jdk/jfr/internal/util/TimespanUnit
Event: 0.404 Loading class jdk/jfr/internal/util/TimespanUnit done
Event: 0.404 Loading class jdk/jfr/internal/util/ValueParser
Event: 0.404 Loading class jdk/jfr/internal/util/ValueParser done
Event: 0.406 Loading class jdk/jfr/internal/periodic/PeriodicType
Event: 0.406 Loading class jdk/jfr/internal/periodic/PeriodicType done

Classes unloaded (0 events):
No events

Classes redefined (1 events):
Event: 0.127 Thread 0x0000022b76016ba0 redefined class name=java.lang.Throwable, count=1

Internal exceptions (19 events):
Event: 0.099 Thread 0x0000022b54b24fa0 Exception <a 'java/lang/NoSuchMethodError'{0x000000071ce674f8}: 'void java.lang.invoke.DirectMethodHandle$Holder.invokeStatic(java.lang.Object, java.lang.Object, java.lang.Object)'> (0x000000071ce674f8) 
thrown [s\open\src\hotspot\share\interpreter\linkResolver.cpp, line 805]
Event: 0.103 Thread 0x0000022b54b24fa0 Exception <a 'java/lang/NoSuchMethodError'{0x000000071ce9c0b8}: 'java.lang.Object java.lang.invoke.Invokers$Holder.invokeExact_MT(java.lang.Object, java.lang.Object, java.lang.Object, java.lang.Object, java.lang.Object)'> (0x000000071ce9c0b8) 
thrown [s\open\src\hotspot\share\interpreter\linkResolver.cpp, line 805]
Event: 0.148 Thread 0x0000022b54b24fa0 Exception <a 'java/lang/NoSuchMethodError'{0x000000071ccf08d8}: 'java.lang.Object java.lang.invoke.DirectMethodHandle$Holder.invokeStaticInit(java.lang.Object, java.lang.Object, java.lang.Object)'> (0x000000071ccf08d8) 
thrown [s\open\src\hotspot\share\interpreter\linkResolver.cpp, line 805]
Event: 0.154 Thread 0x0000022b76034cd0 Exception <a 'java/lang/NoSuchMethodError'{0x000000071ca61000}: 'java.lang.Object java.lang.invoke.DirectMethodHandle$Holder.invokeStaticInit(java.lang.Object)'> (0x000000071ca61000) 
thrown [s\open\src\hotspot\share\interpreter\linkResolver.cpp, line 805]
Event: 0.157 Thread 0x0000022b76034cd0 Exception <a 'java/lang/NoSuchMethodError'{0x000000071ca6db60}: 'void java.lang.invoke.DirectMethodHandle$Holder.invokeStatic(java.lang.Object, java.lang.Object)'> (0x000000071ca6db60) 
thrown [s\open\src\hotspot\share\interpreter\linkResolver.cpp, line 805]
Event: 0.242 Thread 0x0000022b54b24fa0 Exception <a 'java/lang/NoSuchMethodError'{0x000000071c186b60}: 'java.lang.Object java.lang.invoke.DirectMethodHandle$Holder.invokeStatic(java.lang.Object, int, java.lang.Object)'> (0x000000071c186b60) 
thrown [s\open\src\hotspot\share\interpreter\linkResolver.cpp, line 805]
Event: 0.248 Thread 0x0000022b54b24fa0 Exception <a 'java/lang/NoSuchMethodError'{0x000000071c1cf0c0}: 'void java.lang.invoke.DirectMethodHandle$Holder.invokeStaticInit(java.lang.Object)'> (0x000000071c1cf0c0) 
thrown [s\open\src\hotspot\share\interpreter\linkResolver.cpp, line 805]
Event: 0.257 Thread 0x0000022b54b24fa0 Exception <a 'java/lang/NoSuchMethodError'{0x000000071be81cc8}: 'void java.lang.invoke.DirectMethodHandle$Holder.invokeSpecial(java.lang.Object, java.lang.Object, java.lang.Object)'> (0x000000071be81cc8) 
thrown [s\open\src\hotspot\share\interpreter\linkResolver.cpp, line 805]
Event: 0.265 Thread 0x0000022b54b24fa0 Exception <a 'java/lang/NoSuchMethodError'{0x000000071befdb40}: 'java.lang.Object java.lang.invoke.DirectMethodHandle$Holder.newInvokeSpecial(java.lang.Object, java.lang.Object, java.lang.Object, java.lang.Object, java.lang.Object)'> (0x000000071befdb40) 
thrown [s\open\src\hotspot\share\interpreter\linkResolver.cpp, line 805]
Event: 0.288 Thread 0x0000022b54b24fa0 Exception <a 'java/lang/NoSuchMethodError'{0x000000071bcb3680}: 'long java.lang.invoke.DirectMethodHandle$Holder.invokeVirtual(java.lang.Object, java.lang.Object)'> (0x000000071bcb3680) 
thrown [s\open\src\hotspot\share\interpreter\linkResolver.cpp, line 805]
Event: 0.332 Thread 0x0000022b54b24fa0 Exception <a 'java/lang/NoSuchMethodError'{0x000000071bb28de0}: 'int java.lang.invoke.DirectMethodHandle$Holder.invokeSpecial(java.lang.Object, java.lang.Object, java.lang.Object)'> (0x000000071bb28de0) 
thrown [s\open\src\hotspot\share\interpreter\linkResolver.cpp, line 805]
Event: 0.376 Thread 0x0000022b54b24fa0 Exception <a 'java/lang/NoSuchMethodError'{0x000000071b8fdbf0}: 'void java.lang.invoke.DirectMethodHandle$Holder.invokeSpecial(java.lang.Object, java.lang.Object, int)'> (0x000000071b8fdbf0) 
thrown [s\open\src\hotspot\share\interpreter\linkResolver.cpp, line 805]
Event: 0.376 Thread 0x0000022b54b24fa0 Exception <a 'java/lang/NoSuchMethodError'{0x000000071b905830}: 'void java.lang.invoke.Invokers$Holder.invokeExact_MT(java.lang.Object, int, java.lang.Object)'> (0x000000071b905830) 
thrown [s\open\src\hotspot\share\interpreter\linkResolver.cpp, line 805]
Event: 0.377 Thread 0x0000022b54b24fa0 Exception <a 'java/lang/NoSuchMethodError'{0x000000071b9218b0}: 'void java.lang.invoke.DirectMethodHandle$Holder.invokeStatic(java.lang.Object, java.lang.Object, int)'> (0x000000071b9218b0) 
thrown [s\open\src\hotspot\share\interpreter\linkResolver.cpp, line 805]
Event: 0.378 Thread 0x0000022b54b24fa0 Exception <a 'java/lang/NoSuchMethodError'{0x000000071b931090}: 'java.lang.Object java.lang.invoke.DirectMethodHandle$Holder.newInvokeSpecial(java.lang.Object, java.lang.Object, int)'> (0x000000071b931090) 
thrown [s\open\src\hotspot\share\interpreter\linkResolver.cpp, line 805]
Event: 0.379 Thread 0x0000022b453c9190 Exception <a 'java/lang/NoSuchMethodError'{0x000000071b9ecbb8}: 'long java.lang.invoke.DirectMethodHandle$Holder.invokeSpecial(java.lang.Object, java.lang.Object)'> (0x000000071b9ecbb8) 
thrown [s\open\src\hotspot\share\interpreter\linkResolver.cpp, line 805]
Event: 0.381 Thread 0x0000022b54b24fa0 Exception <a 'sun/nio/fs/WindowsException'{0x000000071b972fc0}> (0x000000071b972fc0) 
thrown [s\open\src\hotspot\share\prims\jni.cpp, line 518]
Event: 0.383 Thread 0x0000022b54b24fa0 Exception <a 'sun/nio/fs/WindowsException'{0x000000071b9816c8}> (0x000000071b9816c8) 
thrown [s\open\src\hotspot\share\prims\jni.cpp, line 518]
Event: 0.385 Thread 0x0000022b54b24fa0 Exception <a 'sun/nio/fs/WindowsException'{0x000000071b993fc0}> (0x000000071b993fc0) 
thrown [s\open\src\hotspot\share\prims\jni.cpp, line 518]

VM Operations (10 events):
Event: 0.088 Executing VM operation: HandshakeAllThreads (Deoptimize)
Event: 0.088 Executing VM operation: HandshakeAllThreads (Deoptimize) done
Event: 0.127 Executing VM operation: RedefineClasses
Event: 0.128 Executing VM operation: RedefineClasses done
Event: 0.261 Executing VM operation: HandshakeAllThreads (Deoptimize)
Event: 0.261 Executing VM operation: HandshakeAllThreads (Deoptimize) done
Event: 0.380 Executing VM operation: HandshakeAllThreads (Deoptimize)
Event: 0.380 Executing VM operation: HandshakeAllThreads (Deoptimize) done
Event: 0.399 Executing VM operation: JFRSafepointClear
Event: 0.399 Executing VM operation: JFRSafepointClear done

Memory protections (0 events):
No events

Nmethod flushes (0 events):
No events

Events (20 events):
Event: 0.055 Thread 0x0000022b54b24fa0 Thread added: 0x0000022b7602b4f0
Event: 0.056 Thread 0x0000022b54b24fa0 Thread added: 0x0000022b7602bc30
Event: 0.056 Thread 0x0000022b54b24fa0 Thread added: 0x0000022b76032b60
Event: 0.056 Thread 0x0000022b54b24fa0 Thread added: 0x0000022b760336e0
Event: 0.056 Thread 0x0000022b54b24fa0 Thread added: 0x0000022b76035420
Event: 0.056 Thread 0x0000022b54b24fa0 Thread added: 0x0000022b76036a10
Event: 0.056 Thread 0x0000022b54b24fa0 Thread added: 0x0000022b76072ce0
Event: 0.056 Thread 0x0000022b54b24fa0 Thread added: 0x0000022b760757e0
Event: 0.088 Thread 0x0000022b760757e0 Thread added: 0x0000022b76076700
Event: 0.089 Thread 0x0000022b760757e0 Thread added: 0x0000022b760748c0
Event: 0.090 Thread 0x0000022b76076700 Thread added: 0x0000022b76077db0
Event: 0.092 Thread 0x0000022b76076700 Thread added: 0x0000022b76075050
Event: 0.113 Thread 0x0000022b54b24fa0 Thread added: 0x0000022b76035b70
Event: 0.129 Thread 0x0000022b54b24fa0 Thread added: 0x0000022b76034580
Event: 0.145 Thread 0x0000022b54b24fa0 Thread added: 0x0000022b76034cd0
Event: 0.186 Thread 0x0000022b760757e0 Thread added: 0x0000022b76076e90
Event: 0.247 Thread 0x0000022b54b24fa0 Thread added: 0x0000022b453cbd70
Event: 0.295 Thread 0x0000022b76077db0 Thread added: 0x0000022b45eda750
Event: 0.295 Thread 0x0000022b76077db0 Thread added: 0x0000022b45edbe00
Event: 0.378 Thread 0x0000022b54b24fa0 Thread added: 0x0000022b453c9190


Dynamic libraries:
0x00007ff6068c0000 - 0x00007ff6068ce000 	C:\Users\ToroM\.jdks\openjdk-24.0.1\bin\java.exe
0x00007ff8504e0000 - 0x00007ff850745000 	C:\Windows\SYSTEM32\ntdll.dll
0x00007ff84e610000 - 0x00007ff84e6d9000 	C:\Windows\System32\KERNEL32.DLL
0x00007ff84de90000 - 0x00007ff84e278000 	C:\Windows\System32\KERNELBASE.dll
0x00007ff84dcb0000 - 0x00007ff84ddfb000 	C:\Windows\System32\ucrtbase.dll
0x00007ff839540000 - 0x00007ff839556000 	C:\Users\ToroM\.jdks\openjdk-24.0.1\bin\jli.dll
0x00007ff84e430000 - 0x00007ff84e5fa000 	C:\Windows\System32\USER32.dll
0x00007ff839520000 - 0x00007ff83953b000 	C:\Users\ToroM\.jdks\openjdk-24.0.1\bin\VCRUNTIME140.dll
0x00007ff84dc80000 - 0x00007ff84dca7000 	C:\Windows\System32\win32u.dll
0x00007ff850370000 - 0x00007ff85039b000 	C:\Windows\System32\GDI32.dll
0x00007ff83a710000 - 0x00007ff83a9aa000 	C:\Windows\WinSxS\amd64_microsoft.windows.common-controls_6595b64144ccf1df_6.0.26100.4202_none_3e0698d4e335f517\COMCTL32.dll
0x00007ff84d630000 - 0x00007ff84d767000 	C:\Windows\System32\gdi32full.dll
0x00007ff84e340000 - 0x00007ff84e3e9000 	C:\Windows\System32\msvcrt.dll
0x00007ff84da50000 - 0x00007ff84daf3000 	C:\Windows\System32\msvcp_win.dll
0x00007ff84e3f0000 - 0x00007ff84e420000 	C:\Windows\System32\IMM32.DLL
0x00007ff84a110000 - 0x00007ff84a11c000 	C:\Users\ToroM\.jdks\openjdk-24.0.1\bin\vcruntime140_1.dll
0x00007ff81d120000 - 0x00007ff81d1ae000 	C:\Users\ToroM\.jdks\openjdk-24.0.1\bin\msvcp140.dll
0x00007fffd6c90000 - 0x00007fffd7a32000 	C:\Users\ToroM\.jdks\openjdk-24.0.1\bin\server\jvm.dll
0x00007ff84e280000 - 0x00007ff84e333000 	C:\Windows\System32\ADVAPI32.dll
0x00007ff84f710000 - 0x00007ff84f7b6000 	C:\Windows\System32\sechost.dll
0x00007ff84e6e0000 - 0x00007ff84e7f5000 	C:\Windows\System32\RPCRT4.dll
0x00007ff850180000 - 0x00007ff8501f4000 	C:\Windows\System32\WS2_32.dll
0x00007ff83e8e0000 - 0x00007ff83e915000 	C:\Windows\SYSTEM32\WINMM.dll
0x00007ff84c250000 - 0x00007ff84c2ae000 	C:\Windows\SYSTEM32\POWRPROF.dll
0x00007ff83f440000 - 0x00007ff83f44b000 	C:\Windows\SYSTEM32\VERSION.dll
0x00007ff84c230000 - 0x00007ff84c244000 	C:\Windows\SYSTEM32\UMPDC.dll
0x00007ff84c510000 - 0x00007ff84c52b000 	C:\Windows\SYSTEM32\kernel.appcore.dll
0x00007ff8394b0000 - 0x00007ff8394ba000 	C:\Users\ToroM\.jdks\openjdk-24.0.1\bin\jimage.dll
0x00007ff84ae70000 - 0x00007ff84b0b1000 	C:\Windows\SYSTEM32\DBGHELP.DLL
0x00007ff84ecb0000 - 0x00007ff84f035000 	C:\Windows\System32\combase.dll
0x00007ff850280000 - 0x00007ff850361000 	C:\Windows\System32\OLEAUT32.dll
0x00007ff82e190000 - 0x00007ff82e1c9000 	C:\Windows\SYSTEM32\dbgcore.DLL
0x00007ff84d770000 - 0x00007ff84d809000 	C:\Windows\System32\bcryptPrimitives.dll
0x00007ff838910000 - 0x00007ff83891f000 	C:\Users\ToroM\.jdks\openjdk-24.0.1\bin\instrument.dll
0x00007ff839490000 - 0x00007ff8394ae000 	C:\Users\ToroM\.jdks\openjdk-24.0.1\bin\java.dll
0x00007ff84f0c0000 - 0x00007ff84f25e000 	C:\Windows\System32\ole32.dll
0x00007ff84f920000 - 0x00007ff850062000 	C:\Windows\System32\SHELL32.dll
0x00007ff84db00000 - 0x00007ff84dc74000 	C:\Windows\System32\wintypes.dll
0x00007fffb1bc0000 - 0x00007fffb1db8000 	C:\Users\ToroM\AppData\Local\Temp\idea_libasyncProfiler_dll_temp_folder5220\libasyncProfiler.dll
0x00007ff835810000 - 0x00007ff835827000 	C:\Users\ToroM\.jdks\openjdk-24.0.1\bin\zip.dll
0x00007ff84b280000 - 0x00007ff84bad8000 	C:\Windows\SYSTEM32\windows.storage.dll
0x00007ff8503a0000 - 0x00007ff850491000 	C:\Windows\System32\SHCORE.dll
0x00007ff850200000 - 0x00007ff85026a000 	C:\Windows\System32\shlwapi.dll
0x00007ff84d540000 - 0x00007ff84d56f000 	C:\Windows\SYSTEM32\profapi.dll
0x00007ff80e740000 - 0x00007ff80e817000 	C:\Users\ToroM\.jdks\openjdk-24.0.1\bin\jsvml.dll
0x00007ff838870000 - 0x00007ff838880000 	C:\Users\ToroM\.jdks\openjdk-24.0.1\bin\net.dll
0x00007ff84ca80000 - 0x00007ff84caea000 	C:\Windows\system32\mswsock.dll
0x00007ff838850000 - 0x00007ff838866000 	C:\Users\ToroM\.jdks\openjdk-24.0.1\bin\nio.dll
0x00007ff8386d0000 - 0x00007ff8386d9000 	C:\Users\ToroM\.jdks\openjdk-24.0.1\bin\extnet.dll

JVMTI agents:
C:\Users\ToroM\AppData\Local\JetBrains\IntelliJIdea2025.1\captureAgent\debugger-agent.jar path:C:\Users\ToroM\.jdks\openjdk-24.0.1\bin\instrument.dll, loaded, initialized, instrumentlib options:file:///C:/Users/ToroM/AppData/Local/Temp/capture4684671477065798982.props
C:\Program Files\JetBrains\IntelliJ IDEA 2025.1.1.1\lib\idea_rt.jar path:C:\Users\ToroM\.jdks\openjdk-24.0.1\bin\instrument.dll, loaded, initialized, instrumentlib options:56032
C:\Users\ToroM\AppData\Local\Temp\idea_libasyncProfiler_dll_temp_folder5220\libasyncProfiler.dll path:C:\Users\ToroM\AppData\Local\Temp\idea_libasyncProfiler_dll_temp_folder5220\libasyncProfiler.dll, loaded, initialized, options:start,jfr,event=wall,interval=10ms,jfrsync=profile,cstack=no,file=C:\Users\ToroM\IdeaSnapshots\service_in_backend_2025_06_26_133856.jfr,dbghelppath=C:\Users\ToroM\AppData\Local\Temp\idea_dbghelp_dll_temp_folder6\dbghelp.dll,log=C:\Users\ToroM\AppData\Local\Temp\service_in_backend_2025_06_26_133856.jfr.log.txt,logLevel=DEBUG

dbghelp: loaded successfully - version: 4.0.5 - missing functions: none
symbol engine: initialized successfully - sym options: 0x614 - pdb path: .;C:\Users\ToroM\.jdks\openjdk-24.0.1\bin;C:\Windows\SYSTEM32;C:\Windows\WinSxS\amd64_microsoft.windows.common-controls_6595b64144ccf1df_6.0.26100.4202_none_3e0698d4e335f517;C:\Users\ToroM\.jdks\openjdk-24.0.1\bin\server;C:\Users\ToroM\AppData\Local\Temp\idea_libasyncProfiler_dll_temp_folder5220

VM Arguments:
jvm_args: -javaagent:C:\Users\ToroM\AppData\Local\JetBrains\IntelliJIdea2025.1\captureAgent\debugger-agent.jar=file:///C:/Users/ToroM/AppData/Local/Temp/capture4684671477065798982.props -ea -Didea.test.cyclic.buffer.size=1048576 -javaagent:C:\Program Files\JetBrains\IntelliJ IDEA 2025.1.1.1\lib\idea_rt.jar=56032 -Dkotlinx.coroutines.debug.enable.creation.stack.trace=false -Ddebugger.agent.enable.coroutines=true -Dkotlinx.coroutines.debug.enable.flows.stack.trace=true -Dkotlinx.coroutines.debug.enable.mutable.state.flows.stack.trace=true -agentpath:C:\Users\ToroM\AppData\Local\Temp\idea_libasyncProfiler_dll_temp_folder5220\libasyncProfiler.dll=start,jfr,event=wall,interval=10ms,jfrsync=profile,cstack=no,file=C:\Users\ToroM\IdeaSnapshots\service_in_backend_2025_06_26_133856.jfr,dbghelppath=C:\Users\ToroM\AppData\Local\Temp\idea_dbghelp_dll_temp_folder6\dbghelp.dll,log=C:\Users\ToroM\AppData\Local\Temp\service_in_backend_2025_06_26_133856.jfr.log.txt,logLevel=DEBUG -Dfile.encoding=UTF-8 -Dsun.stdout.encoding=UTF-8 -Dsun.stderr.encoding=UTF-8 
java_command: com.intellij.rt.junit.JUnitStarter -ideVersion5 -junit5 @w@C:\Users\ToroM\AppData\Local\Temp\idea_working_dirs_junit.tmp @C:\Users\ToroM\AppData\Local\Temp\idea_junit.tmp -socket56031
java_class_path (initial): C:\Users\ToroM\.m2\repository\org\junit\platform\junit-platform-launcher\1.12.2\junit-platform-launcher-1.12.2.jar;C:\Program Files\JetBrains\IntelliJ IDEA 2025.1.1.1\lib\idea_rt.jar;C:\Program Files\JetBrains\IntelliJ IDEA 2025.1.1.1\plugins\junit\lib\junit5-rt.jar;C:\Program Files\JetBrains\IntelliJ IDEA 2025.1.1.1\plugins\junit\lib\junit-rt.jar;C:\Users\ToroM\codecool\AdvanceSpring\tw\bar-assistant\backend\target\test-classes;C:\Users\ToroM\codecool\AdvanceSpring\tw\bar-assistant\backend\target\classes;C:\Users\ToroM\.m2\repository\org\springframework\boot\spring-boot-starter-web\3.5.0\spring-boot-starter-web-3.5.0.jar;C:\Users\ToroM\.m2\repository\org\springframework\boot\spring-boot-starter\3.5.0\spring-boot-starter-3.5.0.jar;C:\Users\ToroM\.m2\repository\org\springframework\boot\spring-boot-starter-logging\3.5.0\spring-boot-starter-logging-3.5.0.jar;C:\Users\ToroM\.m2\repository\ch\qos\logback\logback-classic\1.5.18\logback-classic-1.5.18.jar;C:\Users\ToroM\.m2\repository\ch\qos\logback\logback-core\1.5.18\logback-core-1.5.18.jar;C:\Users\ToroM\.m2\repository\org\apache\logging\log4j\log4j-to-slf4j\2.24.3\log4j-to-slf4j-2.24.3.jar;C:\Users\ToroM\.m2\repository\org\apache\logging\log4j\log4j-api\2.24.3\log4j-api-2.24.3.jar;C:\Users\ToroM\.m2\repository\org\slf4j\jul-to-slf4j\2.0.17\jul-to-slf4j-2.0.17.jar;C:\Users\ToroM\.m2\repository\jakarta\annotation\jakarta.annotation-api\2.1.1\jakarta.annotation-api-2.1.1.jar;C:\Users\ToroM\.m2\repository\org\yaml\snakeyaml\2.4\snakeyaml-2.4.jar;C:\Users\ToroM\.m2\repository\org\springframework\boot\spring-boot-starter-json\3.5.0\spring-boot-starter-json-3.5.0.jar;C:\Users\ToroM\.m2\repository\com\fasterxml\jackson\core\jackson-databind\2.19.0\jackson-databind-2.19.0.jar;C:\Users\ToroM\.m2\repository\com\fasterxml\jackson\core\jackson-annotations\2.19.0\jackson-annotations-2.19.0.jar;C:\Users\ToroM\.m2\repository\com\fasterxml\jackson\core\jackson-core\2.19.0\jackson-core-2.19.0.jar;C:\Users\ToroM\.m2\repository\com\fasterxml\jackson\datatype\jackson-datatype-jdk8\2.19.0\jackson-datatype-jdk8-2.19.0.jar;C:\Users\ToroM\.m2\repository\com\fasterxml\jackson\datatype\jackson-datatype-jsr310\2.19.0\jackson-datatype-jsr310-2.19.0.jar;C:\Users\ToroM\.m2\repository\com\fasterxml\jackson\module\jackson-module-parameter-names\2.19.0\jackson-module-parameter-names-2.19.0.jar;C:\Users\ToroM\.m2\repository\org\springframework\boot\spring-boot-starter-tomcat\3.5.0\spring-boot-starter-tomcat-3.5.0.jar;C:\Users\ToroM\.m2\repository\org\apache\tomcat\embed\tomcat-embed-core\10.1.41\tomcat-embed-core-10.1.41.jar;C:\Users\ToroM\.m2\repository\org\apache\tomcat\embed\tomcat-embed-el\10.1.41\tomcat-embed-el-10.1.41.jar;C:\Users\ToroM\.m2\repository\org\apache\tomcat\embed\tomcat-embed-websocket\10.1.41\tomcat-embed-websocket-10.1.41.jar;C:\Users\ToroM\.m2\repository\org\springframework\spring-web\6.2.7\spring-web-6.2.7.jar;C:\Users\ToroM\.m2\repository\org\springframework\spring-beans\6.2.7\spring-beans-6.2.7.jar;C:\Users\ToroM\.m2\repository\io\micrometer\micrometer-observation\1.15.0\micrometer-observation-1.15.0.jar;C:\Users\ToroM\.m2\repository\io\micrometer\micrometer-commons\1.15.0\micrometer-commons-1.15.0.jar;C:\Users\ToroM\.m2\repository\org\springframework\spring-webmvc\6.2.7\spring-webmvc-6.2.7.jar;C:\Users\ToroM\.m2\repository\org\springframework\spring-aop\6.2.7\spring-aop-6.2.7.jar;C:\Users\ToroM\.m2\repository\org\springframework\spring-context\6.2.7\spring-context-6.2.7.jar;C:\Users\ToroM\.m2\repository\org\springframework\spring-expression\6.2.7\spring-expression-6.2.7.jar;C:\Users\ToroM\.m2\repository\org\springframework\boot\spring-boot-devtools\3.5.0\spring-boot-devtools-3.5.0.jar;C:\Users\ToroM\.m2\repository\org\springframework\boot\spring-boot\3.5.0\spring-boot-3.5.0.jar;C:\Users\ToroM\.m2\repository\org\springframework\boot\spring-boot-autoconfigure\3.5.0\spring-boot-autoconfigure-3.5.0.jar;C:\Users\ToroM\.m2\repository\org\postgresql\postgresql\42.7.5\postgresql-42.7.5.jar;C:\Users\ToroM\.m2\repository\org\checkerframework\checker-qual\3.48.3\checker-qual-3.48.3.jar;C:\Users\ToroM\.m2\repository\org\springframework\boot\spring-boot-starter-test\3.5.0\spring-boot-starter-test-3.5.0.jar;C:\Users\ToroM\.m2\repository\org\springframework\boot\spring-boot-test\3.5.0\spring-boot-test-3.5.0.jar;C:\Users\ToroM\.m2\repository\org\springframework\boot\spring-boot-test-autoconfigure\3.5.0\spring-boot-test-autoconfigure-3.5.0.jar;C:\Users\ToroM\.m2\repository\com\jayway\jsonpath\json-path\2.9.0\json-path-2.9.0.jar;C:\Users\ToroM\.m2\repository\org\slf4j\slf4j-api\2.0.17\slf4j-api-2.0.17.jar;C:\Users\ToroM\.m2\repository\jakarta\xml\bind\jakarta.xml.bind-api\4.0.2\jakarta.xml.bind-api-4.0.2.jar;C:\Users\ToroM\.m2\repository\jakarta\activation\jakarta.activation-api\2.1.3\jakarta.activation-api-2.1.3.jar;C:\Users\ToroM\.m2\repository\net\minidev\json-smart\2.5.2\json-smart-2.5.2.jar;C:\Users\ToroM\.m2\repository\net\minidev\accessors-smart\2.5.2\accessors-smart-2.5.2.jar;C:\Users\ToroM\.m2\repository\org\ow2\asm\asm\9.7.1\asm-9.7.1.jar;C:\Users\ToroM\.m2\repository\org\assertj\assertj-core\3.27.3\assertj-core-3.27.3.jar;C:\Users\ToroM\.m2\repository\net\bytebuddy\byte-buddy\1.17.5\byte-buddy-1.17.5.jar;C:\Users\ToroM\.m2\repository\org\awaitility\awaitility\4.3.0\awaitility-4.3.0.jar;C:\Users\ToroM\.m2\repository\org\hamcrest\hamcrest\3.0\hamcrest-3.0.jar;C:\Users\ToroM\.m2\repository\org\junit\jupiter\junit-jupiter\5.12.2\junit-jupiter-5.12.2.jar;C:\Users\ToroM\.m2\repository\org\junit\jupiter\junit-jupiter-api\5.12.2\junit-jupiter-api-5.12.2.jar;C:\Users\ToroM\.m2\repository\org\opentest4j\opentest4j\1.3.0\opentest4j-1.3.0.jar;C:\Users\ToroM\.m2\repository\org\junit\platform\junit-platform-commons\1.12.2\junit-platform-commons-1.12.2.jar;C:\Users\ToroM\.m2\repository\org\apiguardian\apiguardian-api\1.1.2\apiguardian-api-1.1.2.jar;C:\Users\ToroM\.m2\repository\org\junit\jupiter\junit-jupiter-params\5.12.2\junit-jupiter-params-5.12.2.jar;C:\Users\ToroM\.m2\repository\org\junit\jupiter\junit-jupiter-engine\5.12.2\junit-jupiter-engine-5.12.2.jar;C:\Users\ToroM\.m2\repository\org\junit\platform\junit-platform-engine\1.12.2\junit-platform-engine-1.12.2.jar;C:\Users\ToroM\.m2\repository\org\mockito\mockito-core\5.17.0\mockito-core-5.17.0.jar;C:\Users\ToroM\.m2\repository\net\bytebuddy\byte-buddy-agent\1.17.5\byte-buddy-agent-1.17.5.jar;C:\Users\ToroM\.m2\repository\org\objenesis\objenesis\3.3\objenesis-3.3.jar;C:\Users\ToroM\.m2\repository\org\mockito\mockito-junit-jupiter\5.17.0\mockito-junit-jupiter-5.17.0.jar;C:\Users\ToroM\.m2\repository\org\skyscreamer\jsonassert\1.5.3\jsonassert-1.5.3.jar;C:\Users\ToroM\.m2\repository\com\vaadin\external\google\android-json\0.0.20131108.vaadin1\android-json-0.0.20131108.vaadin1.jar;C:\Users\ToroM\.m2\repository\org\springframework\spring-core\6.2.7\spring-core-6.2.7.jar;C:\Users\ToroM\.m2\repository\org\springframework\spring-jcl\6.2.7\spring-jcl-6.2.7.jar;C:\Users\ToroM\.m2\repository\org\springframework\spring-test\6.2.7\spring-test-6.2.7.jar;C:\Users\ToroM\.m2\repository\org\xmlunit\xmlunit-core\2.10.1\xmlunit-core-2.10.1.jar;C:\Users\ToroM\.m2\repository\org\springframework\boot\spring-boot-starter-data-jpa\3.5.0\spring-boot-starter-data-jpa-3.5.0.jar;C:\Users\ToroM\.m2\repository\org\springframework\boot\spring-boot-starter-jdbc\3.5.0\spring-boot-starter-jdbc-3.5.0.jar;C:\Users\ToroM\.m2\repository\com\zaxxer\HikariCP\6.3.0\HikariCP-6.3.0.jar;C:\Users\ToroM\.m2\repository\org\springframework\spring-jdbc\6.2.7\spring-jdbc-6.2.7.jar;C:\Users\ToroM\.m2\repository\org\hibernate\orm\hibernate-core\6.6.15.Final\hibernate-core-6.6.15.Final.jar;C:\Users\ToroM\.m2\repository\jakarta\persistence\jakarta.persistence-api\3.1.0\jakarta.persistence-api-3.1.0.jar;C:\Users\ToroM\.m2\repository\jakarta\transaction\jakarta.transaction-api\2.0.1\jakarta.transaction-api-2.0.1.jar;C:\Users\ToroM\.m2\repository\org\jboss\logging\jboss-logging\3.6.1.Final\jboss-logging-3.6.1.Final.jar;C:\Users\ToroM\.m2\repository\org\hibernate\common\hibernate-commons-annotations\7.0.3.Final\hibernate-commons-annotations-7.0.3.Final.jar;C:\Users\ToroM\.m2\repository\io\smallrye\jandex\3.2.0\jandex-3.2.0.jar;C:\Users\ToroM\.m2\repository\com\fasterxml\classmate\1.7.0\classmate-1.7.0.jar;C:\Users\ToroM\.m2\repository\org\glassfish\jaxb\jaxb-runtime\4.0.5\jaxb-runtime-4.0.5.jar;C:\Users\ToroM\.m2\repository\org\glassfish\jaxb\jaxb-core\4.0.5\jaxb-core-4.0.5.jar;C:\Users\ToroM\.m2\repository\org\eclipse\angus\angus-activation\2.0.2\angus-activation-2.0.2.jar;C:\Users\ToroM\.m2\repository\org\glassfish\jaxb\txw2\4.0.5\txw2-4.0.5.jar;C:\Users\ToroM\.m2\repository\com\sun\istack\istack-commons-runtime\4.1.2\istack-commons-runtime-4.1.2.jar;C:\Users\ToroM\.m2\repository\jakarta\inject\jakarta.inject-api\2.0.1\jakarta.inject-api-2.0.1.jar;C:\Users\ToroM\.m2\repository\org\antlr\antlr4-runtime\4.13.0\antlr4-runtime-4.13.0.jar;C:\Users\ToroM\.m2\repository\org\springframework\data\spring-data-jpa\3.5.0\spring-data-jpa-3.5.0.jar;C:\Users\ToroM\.m2\repository\org\springframework\data\spring-data-commons\3.5.0\spring-data-commons-3.5.0.jar;C:\Users\ToroM\.m2\repository\org\springframework\spring-orm\6.2.7\spring-orm-6.2.7.jar;C:\Users\ToroM\.m2\repository\org\springframework\spring-tx\6.2.7\spring-tx-6.2.7.jar;C:\Users\ToroM\.m2\repository\org\springframework\spring-aspects\6.2.7\spring-aspects-6.2.7.jar;C:\Users\ToroM\.m2\repository\org\aspectj\aspectjweaver\1.9.24\aspectjweaver-1.9.24.jar
Launcher Type: SUN_STANDARD

[Global flags]
     intx CICompilerCount                          = 12                                        {product} {ergonomic}
     uint ConcGCThreads                            = 5                                         {product} {ergonomic}
     bool FlightRecorder                           = true                                      {product} {management}
     uint G1ConcRefinementThreads                  = 18                                        {product} {ergonomic}
   size_t G1HeapRegionSize                         = 2097152                                   {product} {ergonomic}
   size_t InitialHeapSize                          = 253755392                                 {product} {ergonomic}
   size_t MarkStackSize                            = 4194304                                   {product} {ergonomic}
   size_t MarkStackSizeMax                         = 536870912                                 {product} {ergonomic}
   size_t MaxHeapSize                              = 4060086272                                {product} {ergonomic}
   size_t MaxNewSize                               = 2434793472                                {product} {ergonomic}
   size_t MinHeapDeltaBytes                        = 2097152                                   {product} {ergonomic}
   size_t MinHeapSize                              = 8388608                                   {product} {ergonomic}
    uintx NonNMethodCodeHeapSize                   = 7602176                                {pd product} {ergonomic}
    uintx NonProfiledCodeHeapSize                  = 122093568                              {pd product} {ergonomic}
    uintx ProfiledCodeHeapSize                     = 121962496                              {pd product} {ergonomic}
    uintx ReservedCodeCacheSize                    = 251658240                              {pd product} {ergonomic}
     bool SegmentedCodeCache                       = true                                      {product} {ergonomic}
   size_t SoftMaxHeapSize                          = 4060086272                             {manageable} {ergonomic}
     bool UseCompressedOops                        = true                           {product lp64_product} {ergonomic}
     bool UseG1GC                                  = true                                      {product} {ergonomic}
     bool UseLargePagesIndividualAllocation        = false                                  {pd product} {ergonomic}

Logging:
Log output configuration:
 #0: stdout all=warning uptime,level,tags foldmultilines=false
 #1: stderr all=off uptime,level,tags foldmultilines=false

Environment Variables:
PATH=C:\Program Files\Common Files\Oracle\Java\javapath;C:\Windows\system32;C:\Windows;C:\Windows\System32\Wbem;C:\Windows\System32\WindowsPowerShell\v1.0\;C:\Windows\System32\OpenSSH\;C:\Program Files (x86)\NVIDIA Corporation\PhysX\Common;C:\Program Files\dotnet\;C:\Program Files\NVIDIA Corporation\NVIDIA App\NvDLISR;C:\Program Files\Git\cmd;C:\Program Files\Docker\Docker\resources\bin;C:\Program Files\nodejs\;C:\Program Files\maven\apache-maven-3.9.10\bin;C:\Users\ToroM\AppData\Local\Microsoft\WindowsApps;C:\Users\ToroM\AppData\Local\Programs\Microsoft VS Code\bin;C:\Program Files\JetBrains\IntelliJ IDEA 2025.1.1.1\bin;;C:\Program Files\PostgreSQL\17\bin;C:\Users\ToroM\AppData\Local\Programs\Windsurf\bin;C:\Users\ToroM\AppData\Roaming\npm
USERNAME=ToroM
OS=Windows_NT
PROCESSOR_IDENTIFIER=AMD64 Family 26 Model 36 Stepping 0, AuthenticAMD
TMP=C:\Users\ToroM\AppData\Local\Temp
TEMP=C:\Users\ToroM\AppData\Local\Temp




Periodic native trim disabled

---------------  S Y S T E M  ---------------

OS:
 Windows 11 , 64 bit Build 26100 (10.0.26100.4202)
OS uptime: 0 days 14:33 hours
Hyper-V role detected

CPU: total 24 (initial active 24) (24 cores per cpu, 2 threads per core) family 26 model 36 stepping 0 microcode 0xb20401b, cx8, cmov, fxsr, ht, mmx, 3dnowpref, sse, sse2, sse3, ssse3, sse4a, sse4.1, sse4.2, popcnt, lzcnt, tsc, tscinvbit, avx, avx2, aes, erms, clmul, bmi1, bmi2, adx, avx512f, avx512dq, avx512cd, avx512bw, avx512vl, sha, fma, vzeroupper, avx512_vpopcntdq, avx512_vpclmulqdq, avx512_vaes, avx512_vnni, clflush, clflushopt, avx512_vbmi2, avx512_vbmi, hv, rdtscp, rdpid, fsrm, gfni, avx512_bitalg, f16c, cet_ss, avx512_ifma
Processor Information for the first 24 processors :
  Max Mhz: 2000, Current Mhz: 2000, Mhz Limit: 2000

Memory: 4k page, system-wide physical 15481M (3137M free)
TotalPageFile size 30841M (AvailPageFile size 14298M)
current process WorkingSet (physical memory assigned to process): 122M, peak: 122M
current process commit charge ("private bytes"): 427M, peak: 427M

vm_info: OpenJDK 64-Bit Server VM (24.0.1+9-30) for windows-amd64 JRE (24.0.1+9-30), built on 2025-03-05T07:23:45Z with MS VC++ 17.6 (VS2022)

END.
